{"/Users/aqdasmalik/Documents/workspace/post-app/api/test/test.js":{"path":"/Users/aqdasmalik/Documents/workspace/post-app/api/test/test.js","statementMap":{"0":{"start":{"line":3,"column":29},"end":{"line":3,"column":84}},"1":{"start":{"line":5,"column":12},"end":{"line":5,"column":51}},"2":{"start":{"line":7,"column":16},"end":{"line":7,"column":60}},"3":{"start":{"line":9,"column":0},"end":{"line":9,"column":32}},"4":{"start":{"line":11,"column":13},"end":{"line":11,"column":56}},"5":{"start":{"line":13,"column":0},"end":{"line":13,"column":43}},"6":{"start":{"line":15,"column":13},"end":{"line":15,"column":36}},"7":{"start":{"line":16,"column":0},"end":{"line":225,"column":3}},"8":{"start":{"line":17,"column":2},"end":{"line":30,"column":5}},"9":{"start":{"line":18,"column":15},"end":{"line":20,"column":5}},"10":{"start":{"line":22,"column":4},"end":{"line":29,"column":7}},"11":{"start":{"line":23,"column":6},"end":{"line":23,"column":39}},"12":{"start":{"line":24,"column":6},"end":{"line":27,"column":9}},"13":{"start":{"line":28,"column":6},"end":{"line":28,"column":13}},"14":{"start":{"line":31,"column":2},"end":{"line":38,"column":5}},"15":{"start":{"line":32,"column":15},"end":{"line":32,"column":17}},"16":{"start":{"line":34,"column":4},"end":{"line":37,"column":7}},"17":{"start":{"line":35,"column":6},"end":{"line":35,"column":39}},"18":{"start":{"line":36,"column":6},"end":{"line":36,"column":13}},"19":{"start":{"line":39,"column":2},"end":{"line":48,"column":5}},"20":{"start":{"line":40,"column":15},"end":{"line":42,"column":5}},"21":{"start":{"line":44,"column":4},"end":{"line":47,"column":7}},"22":{"start":{"line":45,"column":6},"end":{"line":45,"column":39}},"23":{"start":{"line":46,"column":6},"end":{"line":46,"column":13}},"24":{"start":{"line":49,"column":2},"end":{"line":55,"column":5}},"25":{"start":{"line":50,"column":4},"end":{"line":54,"column":7}},"26":{"start":{"line":51,"column":6},"end":{"line":51,"column":39}},"27":{"start":{"line":52,"column":6},"end":{"line":52,"column":59}},"28":{"start":{"line":53,"column":6},"end":{"line":53,"column":13}},"29":{"start":{"line":56,"column":2},"end":{"line":64,"column":5}},"30":{"start":{"line":57,"column":17},"end":{"line":57,"column":18}},"31":{"start":{"line":59,"column":4},"end":{"line":63,"column":7}},"32":{"start":{"line":60,"column":6},"end":{"line":60,"column":39}},"33":{"start":{"line":61,"column":6},"end":{"line":61,"column":56}},"34":{"start":{"line":62,"column":6},"end":{"line":62,"column":13}},"35":{"start":{"line":65,"column":2},"end":{"line":73,"column":5}},"36":{"start":{"line":66,"column":17},"end":{"line":66,"column":21}},"37":{"start":{"line":68,"column":4},"end":{"line":72,"column":7}},"38":{"start":{"line":69,"column":6},"end":{"line":69,"column":39}},"39":{"start":{"line":70,"column":6},"end":{"line":70,"column":99}},"40":{"start":{"line":71,"column":6},"end":{"line":71,"column":13}},"41":{"start":{"line":74,"column":2},"end":{"line":82,"column":5}},"42":{"start":{"line":75,"column":17},"end":{"line":75,"column":22}},"43":{"start":{"line":77,"column":4},"end":{"line":81,"column":7}},"44":{"start":{"line":78,"column":6},"end":{"line":78,"column":39}},"45":{"start":{"line":79,"column":6},"end":{"line":79,"column":78}},"46":{"start":{"line":80,"column":6},"end":{"line":80,"column":13}},"47":{"start":{"line":83,"column":2},"end":{"line":95,"column":5}},"48":{"start":{"line":84,"column":17},"end":{"line":84,"column":18}},"49":{"start":{"line":85,"column":22},"end":{"line":87,"column":5}},"50":{"start":{"line":89,"column":4},"end":{"line":94,"column":7}},"51":{"start":{"line":90,"column":6},"end":{"line":90,"column":39}},"52":{"start":{"line":91,"column":6},"end":{"line":91,"column":45}},"53":{"start":{"line":92,"column":6},"end":{"line":92,"column":71}},"54":{"start":{"line":93,"column":6},"end":{"line":93,"column":13}},"55":{"start":{"line":96,"column":2},"end":{"line":107,"column":5}},"56":{"start":{"line":97,"column":17},"end":{"line":97,"column":23}},"57":{"start":{"line":98,"column":22},"end":{"line":100,"column":5}},"58":{"start":{"line":102,"column":4},"end":{"line":106,"column":7}},"59":{"start":{"line":103,"column":6},"end":{"line":103,"column":39}},"60":{"start":{"line":104,"column":6},"end":{"line":104,"column":99}},"61":{"start":{"line":105,"column":6},"end":{"line":105,"column":13}},"62":{"start":{"line":108,"column":2},"end":{"line":119,"column":5}},"63":{"start":{"line":109,"column":17},"end":{"line":109,"column":22}},"64":{"start":{"line":110,"column":22},"end":{"line":112,"column":5}},"65":{"start":{"line":114,"column":4},"end":{"line":118,"column":7}},"66":{"start":{"line":115,"column":6},"end":{"line":115,"column":39}},"67":{"start":{"line":116,"column":6},"end":{"line":116,"column":78}},"68":{"start":{"line":117,"column":6},"end":{"line":117,"column":13}},"69":{"start":{"line":120,"column":2},"end":{"line":134,"column":5}},"70":{"start":{"line":121,"column":17},"end":{"line":121,"column":18}},"71":{"start":{"line":122,"column":17},"end":{"line":124,"column":5}},"72":{"start":{"line":126,"column":4},"end":{"line":133,"column":7}},"73":{"start":{"line":127,"column":6},"end":{"line":127,"column":39}},"74":{"start":{"line":128,"column":6},"end":{"line":131,"column":9}},"75":{"start":{"line":132,"column":6},"end":{"line":132,"column":13}},"76":{"start":{"line":135,"column":2},"end":{"line":146,"column":5}},"77":{"start":{"line":136,"column":17},"end":{"line":136,"column":18}},"78":{"start":{"line":137,"column":17},"end":{"line":139,"column":5}},"79":{"start":{"line":141,"column":4},"end":{"line":145,"column":7}},"80":{"start":{"line":142,"column":6},"end":{"line":142,"column":39}},"81":{"start":{"line":143,"column":6},"end":{"line":143,"column":97}},"82":{"start":{"line":144,"column":6},"end":{"line":144,"column":13}},"83":{"start":{"line":147,"column":2},"end":{"line":158,"column":5}},"84":{"start":{"line":148,"column":17},"end":{"line":148,"column":22}},"85":{"start":{"line":149,"column":17},"end":{"line":151,"column":5}},"86":{"start":{"line":153,"column":4},"end":{"line":157,"column":7}},"87":{"start":{"line":154,"column":6},"end":{"line":154,"column":39}},"88":{"start":{"line":155,"column":6},"end":{"line":155,"column":99}},"89":{"start":{"line":156,"column":6},"end":{"line":156,"column":13}},"90":{"start":{"line":159,"column":2},"end":{"line":170,"column":5}},"91":{"start":{"line":160,"column":17},"end":{"line":160,"column":22}},"92":{"start":{"line":161,"column":17},"end":{"line":163,"column":5}},"93":{"start":{"line":165,"column":4},"end":{"line":169,"column":7}},"94":{"start":{"line":166,"column":6},"end":{"line":166,"column":39}},"95":{"start":{"line":167,"column":6},"end":{"line":167,"column":78}},"96":{"start":{"line":168,"column":6},"end":{"line":168,"column":13}},"97":{"start":{"line":171,"column":2},"end":{"line":179,"column":5}},"98":{"start":{"line":172,"column":17},"end":{"line":172,"column":18}},"99":{"start":{"line":174,"column":4},"end":{"line":178,"column":7}},"100":{"start":{"line":175,"column":6},"end":{"line":175,"column":39}},"101":{"start":{"line":176,"column":6},"end":{"line":176,"column":76}},"102":{"start":{"line":177,"column":6},"end":{"line":177,"column":13}},"103":{"start":{"line":180,"column":2},"end":{"line":188,"column":5}},"104":{"start":{"line":181,"column":17},"end":{"line":181,"column":20}},"105":{"start":{"line":183,"column":4},"end":{"line":187,"column":7}},"106":{"start":{"line":184,"column":6},"end":{"line":184,"column":39}},"107":{"start":{"line":185,"column":6},"end":{"line":185,"column":99}},"108":{"start":{"line":186,"column":6},"end":{"line":186,"column":13}},"109":{"start":{"line":189,"column":2},"end":{"line":197,"column":5}},"110":{"start":{"line":190,"column":17},"end":{"line":190,"column":22}},"111":{"start":{"line":192,"column":4},"end":{"line":196,"column":7}},"112":{"start":{"line":193,"column":6},"end":{"line":193,"column":39}},"113":{"start":{"line":194,"column":6},"end":{"line":194,"column":78}},"114":{"start":{"line":195,"column":6},"end":{"line":195,"column":13}},"115":{"start":{"line":198,"column":2},"end":{"line":206,"column":5}},"116":{"start":{"line":199,"column":17},"end":{"line":199,"column":20}},"117":{"start":{"line":201,"column":4},"end":{"line":205,"column":7}},"118":{"start":{"line":202,"column":6},"end":{"line":202,"column":39}},"119":{"start":{"line":203,"column":6},"end":{"line":203,"column":99}},"120":{"start":{"line":204,"column":6},"end":{"line":204,"column":13}},"121":{"start":{"line":207,"column":2},"end":{"line":215,"column":5}},"122":{"start":{"line":208,"column":17},"end":{"line":208,"column":22}},"123":{"start":{"line":210,"column":4},"end":{"line":214,"column":7}},"124":{"start":{"line":211,"column":6},"end":{"line":211,"column":39}},"125":{"start":{"line":212,"column":6},"end":{"line":212,"column":78}},"126":{"start":{"line":213,"column":6},"end":{"line":213,"column":13}},"127":{"start":{"line":216,"column":2},"end":{"line":224,"column":5}},"128":{"start":{"line":217,"column":17},"end":{"line":217,"column":18}},"129":{"start":{"line":219,"column":4},"end":{"line":223,"column":7}},"130":{"start":{"line":220,"column":6},"end":{"line":220,"column":39}},"131":{"start":{"line":221,"column":6},"end":{"line":221,"column":43}},"132":{"start":{"line":222,"column":6},"end":{"line":222,"column":13}}},"fnMap":{"0":{"name":"(anonymous_0)","decl":{"start":{"line":16,"column":40},"end":{"line":16,"column":41}},"loc":{"start":{"line":16,"column":52},"end":{"line":225,"column":1}},"line":16},"1":{"name":"(anonymous_1)","decl":{"start":{"line":17,"column":32},"end":{"line":17,"column":33}},"loc":{"start":{"line":17,"column":48},"end":{"line":30,"column":3}},"line":17},"2":{"name":"(anonymous_2)","decl":{"start":{"line":22,"column":119},"end":{"line":22,"column":120}},"loc":{"start":{"line":22,"column":139},"end":{"line":29,"column":5}},"line":22},"3":{"name":"(anonymous_3)","decl":{"start":{"line":31,"column":63},"end":{"line":31,"column":64}},"loc":{"start":{"line":31,"column":79},"end":{"line":38,"column":3}},"line":31},"4":{"name":"(anonymous_4)","decl":{"start":{"line":34,"column":119},"end":{"line":34,"column":120}},"loc":{"start":{"line":34,"column":139},"end":{"line":37,"column":5}},"line":34},"5":{"name":"(anonymous_5)","decl":{"start":{"line":39,"column":60},"end":{"line":39,"column":61}},"loc":{"start":{"line":39,"column":76},"end":{"line":48,"column":3}},"line":39},"6":{"name":"(anonymous_6)","decl":{"start":{"line":44,"column":119},"end":{"line":44,"column":120}},"loc":{"start":{"line":44,"column":139},"end":{"line":47,"column":5}},"line":44},"7":{"name":"(anonymous_7)","decl":{"start":{"line":49,"column":32},"end":{"line":49,"column":33}},"loc":{"start":{"line":49,"column":48},"end":{"line":55,"column":3}},"line":49},"8":{"name":"(anonymous_8)","decl":{"start":{"line":50,"column":107},"end":{"line":50,"column":108}},"loc":{"start":{"line":50,"column":127},"end":{"line":54,"column":5}},"line":50},"9":{"name":"(anonymous_9)","decl":{"start":{"line":56,"column":40},"end":{"line":56,"column":41}},"loc":{"start":{"line":56,"column":56},"end":{"line":64,"column":3}},"line":56},"10":{"name":"(anonymous_10)","decl":{"start":{"line":59,"column":123},"end":{"line":59,"column":124}},"loc":{"start":{"line":59,"column":143},"end":{"line":63,"column":5}},"line":59},"11":{"name":"(anonymous_11)","decl":{"start":{"line":65,"column":60},"end":{"line":65,"column":61}},"loc":{"start":{"line":65,"column":76},"end":{"line":73,"column":3}},"line":65},"12":{"name":"(anonymous_12)","decl":{"start":{"line":68,"column":123},"end":{"line":68,"column":124}},"loc":{"start":{"line":68,"column":143},"end":{"line":72,"column":5}},"line":68},"13":{"name":"(anonymous_13)","decl":{"start":{"line":74,"column":64},"end":{"line":74,"column":65}},"loc":{"start":{"line":74,"column":80},"end":{"line":82,"column":3}},"line":74},"14":{"name":"(anonymous_14)","decl":{"start":{"line":77,"column":123},"end":{"line":77,"column":124}},"loc":{"start":{"line":77,"column":143},"end":{"line":81,"column":5}},"line":77},"15":{"name":"(anonymous_15)","decl":{"start":{"line":83,"column":30},"end":{"line":83,"column":31}},"loc":{"start":{"line":83,"column":46},"end":{"line":95,"column":3}},"line":83},"16":{"name":"(anonymous_16)","decl":{"start":{"line":89,"column":141},"end":{"line":89,"column":142}},"loc":{"start":{"line":89,"column":161},"end":{"line":94,"column":5}},"line":89},"17":{"name":"(anonymous_17)","decl":{"start":{"line":96,"column":52},"end":{"line":96,"column":53}},"loc":{"start":{"line":96,"column":68},"end":{"line":107,"column":3}},"line":96},"18":{"name":"(anonymous_18)","decl":{"start":{"line":102,"column":141},"end":{"line":102,"column":142}},"loc":{"start":{"line":102,"column":161},"end":{"line":106,"column":5}},"line":102},"19":{"name":"(anonymous_19)","decl":{"start":{"line":108,"column":56},"end":{"line":108,"column":57}},"loc":{"start":{"line":108,"column":72},"end":{"line":119,"column":3}},"line":108},"20":{"name":"(anonymous_20)","decl":{"start":{"line":114,"column":141},"end":{"line":114,"column":142}},"loc":{"start":{"line":114,"column":161},"end":{"line":118,"column":5}},"line":114},"21":{"name":"(anonymous_21)","decl":{"start":{"line":120,"column":30},"end":{"line":120,"column":31}},"loc":{"start":{"line":120,"column":46},"end":{"line":134,"column":3}},"line":120},"22":{"name":"(anonymous_22)","decl":{"start":{"line":126,"column":146},"end":{"line":126,"column":147}},"loc":{"start":{"line":126,"column":166},"end":{"line":133,"column":5}},"line":126},"23":{"name":"(anonymous_23)","decl":{"start":{"line":135,"column":54},"end":{"line":135,"column":55}},"loc":{"start":{"line":135,"column":70},"end":{"line":146,"column":3}},"line":135},"24":{"name":"(anonymous_24)","decl":{"start":{"line":141,"column":146},"end":{"line":141,"column":147}},"loc":{"start":{"line":141,"column":166},"end":{"line":145,"column":5}},"line":141},"25":{"name":"(anonymous_25)","decl":{"start":{"line":147,"column":50},"end":{"line":147,"column":51}},"loc":{"start":{"line":147,"column":66},"end":{"line":158,"column":3}},"line":147},"26":{"name":"(anonymous_26)","decl":{"start":{"line":153,"column":146},"end":{"line":153,"column":147}},"loc":{"start":{"line":153,"column":166},"end":{"line":157,"column":5}},"line":153},"27":{"name":"(anonymous_27)","decl":{"start":{"line":159,"column":54},"end":{"line":159,"column":55}},"loc":{"start":{"line":159,"column":70},"end":{"line":170,"column":3}},"line":159},"28":{"name":"(anonymous_28)","decl":{"start":{"line":165,"column":146},"end":{"line":165,"column":147}},"loc":{"start":{"line":165,"column":166},"end":{"line":169,"column":5}},"line":165},"29":{"name":"(anonymous_29)","decl":{"start":{"line":171,"column":56},"end":{"line":171,"column":57}},"loc":{"start":{"line":171,"column":72},"end":{"line":179,"column":3}},"line":171},"30":{"name":"(anonymous_30)","decl":{"start":{"line":174,"column":132},"end":{"line":174,"column":133}},"loc":{"start":{"line":174,"column":152},"end":{"line":178,"column":5}},"line":174},"31":{"name":"(anonymous_31)","decl":{"start":{"line":180,"column":76},"end":{"line":180,"column":77}},"loc":{"start":{"line":180,"column":92},"end":{"line":188,"column":3}},"line":180},"32":{"name":"(anonymous_32)","decl":{"start":{"line":183,"column":132},"end":{"line":183,"column":133}},"loc":{"start":{"line":183,"column":152},"end":{"line":187,"column":5}},"line":183},"33":{"name":"(anonymous_33)","decl":{"start":{"line":189,"column":80},"end":{"line":189,"column":81}},"loc":{"start":{"line":189,"column":96},"end":{"line":197,"column":3}},"line":189},"34":{"name":"(anonymous_34)","decl":{"start":{"line":192,"column":132},"end":{"line":192,"column":133}},"loc":{"start":{"line":192,"column":152},"end":{"line":196,"column":5}},"line":192},"35":{"name":"(anonymous_35)","decl":{"start":{"line":198,"column":52},"end":{"line":198,"column":53}},"loc":{"start":{"line":198,"column":68},"end":{"line":206,"column":3}},"line":198},"36":{"name":"(anonymous_36)","decl":{"start":{"line":201,"column":129},"end":{"line":201,"column":130}},"loc":{"start":{"line":201,"column":149},"end":{"line":205,"column":5}},"line":201},"37":{"name":"(anonymous_37)","decl":{"start":{"line":207,"column":56},"end":{"line":207,"column":57}},"loc":{"start":{"line":207,"column":72},"end":{"line":215,"column":3}},"line":207},"38":{"name":"(anonymous_38)","decl":{"start":{"line":210,"column":129},"end":{"line":210,"column":130}},"loc":{"start":{"line":210,"column":149},"end":{"line":214,"column":5}},"line":210},"39":{"name":"(anonymous_39)","decl":{"start":{"line":216,"column":32},"end":{"line":216,"column":33}},"loc":{"start":{"line":216,"column":48},"end":{"line":224,"column":3}},"line":216},"40":{"name":"(anonymous_40)","decl":{"start":{"line":219,"column":129},"end":{"line":219,"column":130}},"loc":{"start":{"line":219,"column":149},"end":{"line":223,"column":5}},"line":219}},"branchMap":{},"s":{"0":1,"1":1,"2":1,"3":1,"4":1,"5":1,"6":1,"7":1,"8":1,"9":1,"10":1,"11":1,"12":1,"13":1,"14":1,"15":1,"16":1,"17":1,"18":1,"19":1,"20":1,"21":1,"22":1,"23":1,"24":1,"25":1,"26":1,"27":1,"28":1,"29":1,"30":1,"31":1,"32":1,"33":1,"34":1,"35":1,"36":1,"37":1,"38":1,"39":1,"40":1,"41":1,"42":1,"43":1,"44":1,"45":1,"46":1,"47":1,"48":1,"49":1,"50":1,"51":1,"52":1,"53":1,"54":1,"55":1,"56":1,"57":1,"58":1,"59":1,"60":1,"61":1,"62":1,"63":1,"64":1,"65":1,"66":1,"67":1,"68":1,"69":1,"70":1,"71":1,"72":1,"73":1,"74":1,"75":1,"76":1,"77":1,"78":1,"79":1,"80":1,"81":1,"82":1,"83":1,"84":1,"85":1,"86":1,"87":1,"88":1,"89":1,"90":1,"91":1,"92":1,"93":1,"94":1,"95":1,"96":1,"97":1,"98":1,"99":1,"100":1,"101":1,"102":1,"103":1,"104":1,"105":1,"106":1,"107":1,"108":1,"109":1,"110":1,"111":1,"112":1,"113":1,"114":1,"115":1,"116":1,"117":1,"118":1,"119":1,"120":1,"121":1,"122":1,"123":1,"124":1,"125":1,"126":1,"127":1,"128":1,"129":1,"130":1,"131":1,"132":1},"f":{"0":1,"1":1,"2":1,"3":1,"4":1,"5":1,"6":1,"7":1,"8":1,"9":1,"10":1,"11":1,"12":1,"13":1,"14":1,"15":1,"16":1,"17":1,"18":1,"19":1,"20":1,"21":1,"22":1,"23":1,"24":1,"25":1,"26":1,"27":1,"28":1,"29":1,"30":1,"31":1,"32":1,"33":1,"34":1,"35":1,"36":1,"37":1,"38":1,"39":1,"40":1},"b":{},"inputSourceMap":{"version":3,"sources":["test.js"],"names":["chai","use","chatHttp","expect","describe","it","done","post","request","app","set","send","end","err","res","status","to","equal","body","data","include","id","description","get","should","have","property","postId","eql","updatedpost","put","rating","average_rating"],"mappings":";;;;AAAA;;AACA;;AACA;;AACA;;AAEAA,iBAAKC,GAAL,CAASC,oBAAT;;AACA,IAAQC,MAAR,GAAmBH,gBAAnB,CAAQG,MAAR;AAEAC,QAAQ,CAAC,6BAAD,EAAgC,YAAM;AAC5CC,EAAAA,EAAE,CAAC,yBAAD,EAA4B,UAACC,IAAD,EAAU;AACtC,QAAMC,IAAI,GAAG;AACX,qBAAe;AADJ,KAAb;;AAGAP,qBACGQ,OADH,CACWC,iBADX,EAEGF,IAFH,CAEQ,eAFR,EAGGG,GAHH,CAGO,QAHP,EAGiB,kBAHjB,EAIGC,IAJH,CAIQJ,IAJR,EAKGK,GALH,CAKO,UAACC,GAAD,EAAMC,GAAN,EAAc;AACjBX,MAAAA,MAAM,CAACW,GAAG,CAACC,MAAL,CAAN,CAAmBC,EAAnB,CAAsBC,KAAtB,CAA4B,GAA5B;AACAd,MAAAA,MAAM,CAACW,GAAG,CAACI,IAAJ,CAASC,IAAV,CAAN,CAAsBH,EAAtB,CAAyBI,OAAzB,CAAiC;AAC/BC,QAAAA,EAAE,EAAE,CAD2B;AAE/BC,QAAAA,WAAW,EAAEf,IAAI,CAACe;AAFa,OAAjC;AAIAhB,MAAAA,IAAI;AACL,KAZH;AAaD,GAjBC,CAAF;AAmBAD,EAAAA,EAAE,CAAC,wDAAD,EAA2D,UAACC,IAAD,EAAU;AACrE,QAAMC,IAAI,GAAG,EAAb;;AACAP,qBACGQ,OADH,CACWC,iBADX,EAEGF,IAFH,CAEQ,eAFR,EAGGG,GAHH,CAGO,QAHP,EAGiB,kBAHjB,EAIGC,IAJH,CAIQJ,IAJR,EAKGK,GALH,CAKO,UAACC,GAAD,EAAMC,GAAN,EAAc;AACjBX,MAAAA,MAAM,CAACW,GAAG,CAACC,MAAL,CAAN,CAAmBC,EAAnB,CAAsBC,KAAtB,CAA4B,GAA5B;AACAX,MAAAA,IAAI;AACL,KARH;AASD,GAXC,CAAF;AAaAD,EAAAA,EAAE,CAAC,qDAAD,EAAwD,UAACC,IAAD,EAAU;AAClE,QAAMC,IAAI,GAAG;AACX,iBAAW;AADA,KAAb;;AAGAP,qBACGQ,OADH,CACWC,iBADX,EAEGF,IAFH,CAEQ,eAFR,EAGGG,GAHH,CAGO,QAHP,EAGiB,kBAHjB,EAIGC,IAJH,CAIQJ,IAJR,EAKGK,GALH,CAKO,UAACC,GAAD,EAAMC,GAAN,EAAc;AACjBX,MAAAA,MAAM,CAACW,GAAG,CAACC,MAAL,CAAN,CAAmBC,EAAnB,CAAsBC,KAAtB,CAA4B,GAA5B;AACAX,MAAAA,IAAI;AACL,KARH;AASD,GAbC,CAAF;AAeAD,EAAAA,EAAE,CAAC,yBAAD,EAA4B,UAACC,IAAD,EAAU;AACtCN,qBACGQ,OADH,CACWC,iBADX,EAEGc,GAFH,CAEO,eAFP,EAGGb,GAHH,CAGO,QAHP,EAGiB,kBAHjB,EAIGE,GAJH,CAIO,UAACC,GAAD,EAAMC,GAAN,EAAc;AACjBX,MAAAA,MAAM,CAACW,GAAG,CAACC,MAAL,CAAN,CAAmBC,EAAnB,CAAsBC,KAAtB,CAA4B,GAA5B;AACAH,MAAAA,GAAG,CAACI,IAAJ,CAASC,IAAT,CAAc,CAAd,EAAiBK,MAAjB,CAAwBC,IAAxB,CAA6BC,QAA7B,CAAsC,aAAtC;AACApB,MAAAA,IAAI;AACL,KARH;AASD,GAVC,CAAF;AAYAD,EAAAA,EAAE,CAAC,iCAAD,EAAoC,UAACC,IAAD,EAAU;AAC9C,QAAMqB,MAAM,GAAG,CAAf;;AACA3B,qBACGQ,OADH,CACWC,iBADX,EAEGc,GAFH,yBAEwBI,MAFxB,GAGGjB,GAHH,CAGO,QAHP,EAGiB,kBAHjB,EAIGE,GAJH,CAIO,UAACC,GAAD,EAAMC,GAAN,EAAc;AACjBX,MAAAA,MAAM,CAACW,GAAG,CAACC,MAAL,CAAN,CAAmBC,EAAnB,CAAsBC,KAAtB,CAA4B,GAA5B;AACAH,MAAAA,GAAG,CAACI,IAAJ,CAASC,IAAT,CAAcK,MAAd,CAAqBC,IAArB,CAA0BC,QAA1B,CAAmC,aAAnC;AACApB,MAAAA,IAAI;AACL,KARH;AASD,GAXC,CAAF;AAaAD,EAAAA,EAAE,CAAC,qDAAD,EAAwD,UAACC,IAAD,EAAU;AAClE,QAAMqB,MAAM,GAAG,IAAf;;AACA3B,qBACGQ,OADH,CACWC,iBADX,EAEGc,GAFH,yBAEwBI,MAFxB,GAGGjB,GAHH,CAGO,QAHP,EAGiB,kBAHjB,EAIGE,GAJH,CAIO,UAACC,GAAD,EAAMC,GAAN,EAAc;AACjBX,MAAAA,MAAM,CAACW,GAAG,CAACC,MAAL,CAAN,CAAmBC,EAAnB,CAAsBC,KAAtB,CAA4B,GAA5B;AACAH,MAAAA,GAAG,CAACI,IAAJ,CAASM,MAAT,CAAgBC,IAAhB,CACGC,QADH,CACY,SADZ,EAEGE,GAFH,wCAEuCD,MAFvC;AAGArB,MAAAA,IAAI;AACL,KAVH;AAWD,GAbC,CAAF;AAeAD,EAAAA,EAAE,CAAC,yDAAD,EAA4D,UAACC,IAAD,EAAU;AACtE,QAAMqB,MAAM,GAAG,KAAf;;AACA3B,qBACGQ,OADH,CACWC,iBADX,EAEGc,GAFH,yBAEwBI,MAFxB,GAGGjB,GAHH,CAGO,QAHP,EAGiB,kBAHjB,EAIGE,GAJH,CAIO,UAACC,GAAD,EAAMC,GAAN,EAAc;AACjBX,MAAAA,MAAM,CAACW,GAAG,CAACC,MAAL,CAAN,CAAmBC,EAAnB,CAAsBC,KAAtB,CAA4B,GAA5B;AACAH,MAAAA,GAAG,CAACI,IAAJ,CAASM,MAAT,CAAgBC,IAAhB,CACGC,QADH,CACY,SADZ,EAEGE,GAFH,CAEO,yBAFP;AAGAtB,MAAAA,IAAI;AACL,KAVH;AAWD,GAbC,CAAF;AAeAD,EAAAA,EAAE,CAAC,uBAAD,EAA0B,UAACC,IAAD,EAAU;AACpC,QAAMqB,MAAM,GAAG,CAAf;AACA,QAAME,WAAW,GAAG;AAClBP,MAAAA,WAAW,EAAE;AADK,KAApB;;AAGAtB,qBACGQ,OADH,CACWC,iBADX,EAEGqB,GAFH,yBAEwBH,MAFxB,GAGGjB,GAHH,CAGO,QAHP,EAGiB,kBAHjB,EAIGC,IAJH,CAIQkB,WAJR,EAKGjB,GALH,CAKO,UAACC,GAAD,EAAMC,GAAN,EAAc;AACjBX,MAAAA,MAAM,CAACW,GAAG,CAACC,MAAL,CAAN,CAAmBC,EAAnB,CAAsBC,KAAtB,CAA4B,GAA5B;AACAd,MAAAA,MAAM,CAACW,GAAG,CAACI,IAAJ,CAASC,IAAT,CAAcE,EAAf,CAAN,CAAyBJ,KAAzB,CAA+BU,MAA/B;AACAxB,MAAAA,MAAM,CAACW,GAAG,CAACI,IAAJ,CAASC,IAAT,CAAcG,WAAf,CAAN,CAAkCL,KAAlC,CAAwCY,WAAW,CAACP,WAApD;AACAhB,MAAAA,IAAI;AACL,KAVH;AAWD,GAhBC,CAAF;AAkBAD,EAAAA,EAAE,CAAC,6CAAD,EAAgD,UAACC,IAAD,EAAU;AAC1D,QAAMqB,MAAM,GAAG,MAAf;AACA,QAAME,WAAW,GAAG;AAClBP,MAAAA,WAAW,EAAE;AADK,KAApB;;AAGAtB,qBACGQ,OADH,CACWC,iBADX,EAEGqB,GAFH,yBAEwBH,MAFxB,GAGGjB,GAHH,CAGO,QAHP,EAGiB,kBAHjB,EAIGC,IAJH,CAIQkB,WAJR,EAKGjB,GALH,CAKO,UAACC,GAAD,EAAMC,GAAN,EAAc;AACjBX,MAAAA,MAAM,CAACW,GAAG,CAACC,MAAL,CAAN,CAAmBC,EAAnB,CAAsBC,KAAtB,CAA4B,GAA5B;AACAH,MAAAA,GAAG,CAACI,IAAJ,CAASM,MAAT,CAAgBC,IAAhB,CACGC,QADH,CACY,SADZ,EAEGE,GAFH,wCAEuCD,MAFvC;AAGArB,MAAAA,IAAI;AACL,KAXH;AAYD,GAjBC,CAAF;AAmBAD,EAAAA,EAAE,CAAC,iDAAD,EAAoD,UAACC,IAAD,EAAU;AAC9D,QAAMqB,MAAM,GAAG,KAAf;AACA,QAAME,WAAW,GAAG;AAClBP,MAAAA,WAAW,EAAE;AADK,KAApB;;AAGAtB,qBACGQ,OADH,CACWC,iBADX,EAEGqB,GAFH,yBAEwBH,MAFxB,GAGGjB,GAHH,CAGO,QAHP,EAGiB,kBAHjB,EAIGC,IAJH,CAIQkB,WAJR,EAKGjB,GALH,CAKO,UAACC,GAAD,EAAMC,GAAN,EAAc;AACjBX,MAAAA,MAAM,CAACW,GAAG,CAACC,MAAL,CAAN,CAAmBC,EAAnB,CAAsBC,KAAtB,CAA4B,GAA5B;AACAH,MAAAA,GAAG,CAACI,IAAJ,CAASM,MAAT,CAAgBC,IAAhB,CACGC,QADH,CACY,SADZ,EAEGE,GAFH;AAGAtB,MAAAA,IAAI;AACL,KAXH;AAYD,GAjBC,CAAF;AAoBAD,EAAAA,EAAE,CAAC,uBAAD,EAA0B,UAACC,IAAD,EAAU;AACpC,QAAMqB,MAAM,GAAG,CAAf;AACA,QAAMI,MAAM,GAAG;AACb,gBAAU;AADG,KAAf;;AAGA/B,qBACGQ,OADH,CACWC,iBADX,EAEGF,IAFH,yBAEyBoB,MAFzB,YAGGjB,GAHH,CAGO,QAHP,EAGiB,kBAHjB,EAIGC,IAJH,CAIQoB,MAJR,EAKGnB,GALH,CAKO,UAACC,GAAD,EAAMC,GAAN,EAAc;AACjBX,MAAAA,MAAM,CAACW,GAAG,CAACC,MAAL,CAAN,CAAmBC,EAAnB,CAAsBC,KAAtB,CAA4B,GAA5B;AACAd,MAAAA,MAAM,CAACW,GAAG,CAACI,IAAJ,CAASC,IAAV,CAAN,CAAsBH,EAAtB,CAAyBI,OAAzB,CAAiC;AAC/BC,QAAAA,EAAE,EAAEM,MAD2B;AAE/BK,QAAAA,cAAc,EAAE;AAFe,OAAjC;AAIA1B,MAAAA,IAAI;AACL,KAZH;AAaD,GAlBC,CAAF;AAoBAD,EAAAA,EAAE,CAAC,+CAAD,EAAkD,UAACC,IAAD,EAAU;AAC5D,QAAMqB,MAAM,GAAG,CAAf;AACA,QAAMI,MAAM,GAAG;AACb,gBAAU;AADG,KAAf;;AAGA/B,qBACGQ,OADH,CACWC,iBADX,EAEGF,IAFH,yBAEyBoB,MAFzB,YAGGjB,GAHH,CAGO,QAHP,EAGiB,kBAHjB,EAIGC,IAJH,CAIQoB,MAJR,EAKGnB,GALH,CAKO,UAACC,GAAD,EAAMC,GAAN,EAAc;AACjBX,MAAAA,MAAM,CAACW,GAAG,CAACC,MAAL,CAAN,CAAmBC,EAAnB,CAAsBC,KAAtB,CAA4B,GAA5B;AACAH,MAAAA,GAAG,CAACI,IAAJ,CAASM,MAAT,CAAgBC,IAAhB,CACGC,QADH,CACY,SADZ,EAEGE,GAFH;AAGAtB,MAAAA,IAAI;AACL,KAXH;AAYD,GAjBC,CAAF;AAmBAD,EAAAA,EAAE,CAAC,2CAAD,EAA8C,UAACC,IAAD,EAAU;AACxD,QAAMqB,MAAM,GAAG,KAAf;AACA,QAAMI,MAAM,GAAG;AACb,gBAAU;AADG,KAAf;;AAGA/B,qBACGQ,OADH,CACWC,iBADX,EAEGF,IAFH,yBAEyBoB,MAFzB,YAGGjB,GAHH,CAGO,QAHP,EAGiB,kBAHjB,EAIGC,IAJH,CAIQoB,MAJR,EAKGnB,GALH,CAKO,UAACC,GAAD,EAAMC,GAAN,EAAc;AACjBX,MAAAA,MAAM,CAACW,GAAG,CAACC,MAAL,CAAN,CAAmBC,EAAnB,CAAsBC,KAAtB,CAA4B,GAA5B;AACAH,MAAAA,GAAG,CAACI,IAAJ,CAASM,MAAT,CAAgBC,IAAhB,CACGC,QADH,CACY,SADZ,EAEGE,GAFH,wCAEuCD,MAFvC;AAGArB,MAAAA,IAAI;AACL,KAXH;AAYD,GAjBC,CAAF;AAmBAD,EAAAA,EAAE,CAAC,+CAAD,EAAkD,UAACC,IAAD,EAAU;AAC5D,QAAMqB,MAAM,GAAG,KAAf;AACA,QAAMI,MAAM,GAAG;AACb,gBAAU;AADG,KAAf;;AAGA/B,qBACGQ,OADH,CACWC,iBADX,EAEGF,IAFH,yBAEyBoB,MAFzB,YAGGjB,GAHH,CAGO,QAHP,EAGiB,kBAHjB,EAIGC,IAJH,CAIQoB,MAJR,EAKGnB,GALH,CAKO,UAACC,GAAD,EAAMC,GAAN,EAAc;AACjBX,MAAAA,MAAM,CAACW,GAAG,CAACC,MAAL,CAAN,CAAmBC,EAAnB,CAAsBC,KAAtB,CAA4B,GAA5B;AACAH,MAAAA,GAAG,CAACI,IAAJ,CAASM,MAAT,CAAgBC,IAAhB,CACGC,QADH,CACY,SADZ,EAEGE,GAFH;AAGAtB,MAAAA,IAAI;AACL,KAXH;AAYD,GAjBC,CAAF;AAmBAD,EAAAA,EAAE,CAAC,iDAAD,EAAoD,UAACC,IAAD,EAAU;AAC9D,QAAMqB,MAAM,GAAG,CAAf;;AACA3B,qBACGQ,OADH,CACWC,iBADX,EAEGc,GAFH,yBAEwBI,MAFxB,YAGGjB,GAHH,CAGO,QAHP,EAGiB,kBAHjB,EAIGE,GAJH,CAIO,UAACC,GAAD,EAAMC,GAAN,EAAc;AACjBX,MAAAA,MAAM,CAACW,GAAG,CAACC,MAAL,CAAN,CAAmBC,EAAnB,CAAsBC,KAAtB,CAA4B,GAA5B;AACAH,MAAAA,GAAG,CAACI,IAAJ,CAASM,MAAT,CAAgBC,IAAhB,CACGC,QADH,CACY,SADZ,EAEGE,GAFH,CAEO,uBAFP;AAGAtB,MAAAA,IAAI;AACL,KAVH;AAWC,GAbD,CAAF;AAeAD,EAAAA,EAAE,CAAC,qEAAD,EAAwE,UAACC,IAAD,EAAU;AAClF,QAAMqB,MAAM,GAAG,GAAf;;AACA3B,qBACGQ,OADH,CACWC,iBADX,EAEGc,GAFH,yBAEwBI,MAFxB,YAGGjB,GAHH,CAGO,QAHP,EAGiB,kBAHjB,EAIGE,GAJH,CAIO,UAACC,GAAD,EAAMC,GAAN,EAAc;AACjBX,MAAAA,MAAM,CAACW,GAAG,CAACC,MAAL,CAAN,CAAmBC,EAAnB,CAAsBC,KAAtB,CAA4B,GAA5B;AACAH,MAAAA,GAAG,CAACI,IAAJ,CAASM,MAAT,CAAgBC,IAAhB,CACGC,QADH,CACY,SADZ,EAEGE,GAFH,wCAEuCD,MAFvC;AAGArB,MAAAA,IAAI;AACL,KAVH;AAWD,GAbC,CAAF;AAeAD,EAAAA,EAAE,CAAC,yEAAD,EAA4E,UAACC,IAAD,EAAU;AACtF,QAAMqB,MAAM,GAAG,KAAf;;AACA3B,qBACGQ,OADH,CACWC,iBADX,EAEGc,GAFH,yBAEwBI,MAFxB,YAGGjB,GAHH,CAGO,QAHP,EAGiB,kBAHjB,EAIGE,GAJH,CAIO,UAACC,GAAD,EAAMC,GAAN,EAAc;AACjBX,MAAAA,MAAM,CAACW,GAAG,CAACC,MAAL,CAAN,CAAmBC,EAAnB,CAAsBC,KAAtB,CAA4B,GAA5B;AACAH,MAAAA,GAAG,CAACI,IAAJ,CAASM,MAAT,CAAgBC,IAAhB,CACGC,QADH,CACY,SADZ,EAEGE,GAFH;AAGAtB,MAAAA,IAAI;AACL,KAVH;AAWD,GAbC,CAAF;AAgBAD,EAAAA,EAAE,CAAC,6CAAD,EAAgD,UAACC,IAAD,EAAU;AAC1D,QAAMqB,MAAM,GAAG,GAAf;;AACA3B,qBACGQ,OADH,CACWC,iBADX,oCAE2BkB,MAF3B,GAGGjB,GAHH,CAGO,QAHP,EAGiB,kBAHjB,EAIGE,GAJH,CAIO,UAACC,GAAD,EAAMC,GAAN,EAAc;AACjBX,MAAAA,MAAM,CAACW,GAAG,CAACC,MAAL,CAAN,CAAmBC,EAAnB,CAAsBC,KAAtB,CAA4B,GAA5B;AACAH,MAAAA,GAAG,CAACI,IAAJ,CAASM,MAAT,CAAgBC,IAAhB,CACGC,QADH,CACY,SADZ,EAEGE,GAFH,wCAEuCD,MAFvC;AAGArB,MAAAA,IAAI;AACL,KAVH;AAWD,GAbC,CAAF;AAeAD,EAAAA,EAAE,CAAC,iDAAD,EAAoD,UAACC,IAAD,EAAU;AAC9D,QAAMqB,MAAM,GAAG,KAAf;;AACA3B,qBACGQ,OADH,CACWC,iBADX,oCAE2BkB,MAF3B,GAGGjB,GAHH,CAGO,QAHP,EAGiB,kBAHjB,EAIGE,GAJH,CAIO,UAACC,GAAD,EAAMC,GAAN,EAAc;AACjBX,MAAAA,MAAM,CAACW,GAAG,CAACC,MAAL,CAAN,CAAmBC,EAAnB,CAAsBC,KAAtB,CAA4B,GAA5B;AACAH,MAAAA,GAAG,CAACI,IAAJ,CAASM,MAAT,CAAgBC,IAAhB,CACGC,QADH,CACY,SADZ,EAEGE,GAFH;AAGAtB,MAAAA,IAAI;AACL,KAVH;AAWD,GAbC,CAAF;AAeAD,EAAAA,EAAE,CAAC,yBAAD,EAA4B,UAACC,IAAD,EAAU;AACtC,QAAMqB,MAAM,GAAG,CAAf;;AACA3B,qBACGQ,OADH,CACWC,iBADX,oCAE2BkB,MAF3B,GAGGjB,GAHH,CAGO,QAHP,EAGiB,kBAHjB,EAIGE,GAJH,CAIO,UAACC,GAAD,EAAMC,GAAN,EAAc;AACjBX,MAAAA,MAAM,CAACW,GAAG,CAACC,MAAL,CAAN,CAAmBC,EAAnB,CAAsBC,KAAtB,CAA4B,GAA5B;AACAd,MAAAA,MAAM,CAACW,GAAG,CAACI,IAAJ,CAASC,IAAV,CAAN,CAAsBH,EAAtB,CAAyBI,OAAzB,CAAiC,EAAjC;AACAd,MAAAA,IAAI;AACL,KARH;AASD,GAXC,CAAF;AAaD,CAtUO,CAAR","sourceRoot":"/Users/aqdasmalik/Documents/workspace/post-app/api/test/","sourcesContent":["import chai from \"chai\";\nimport chatHttp from \"chai-http\";\nimport \"chai/register-should\";\nimport app from \"../index\";\n\nchai.use(chatHttp);\nconst { expect } = chai;\n\ndescribe(\"Testing the post endpoints:\", () => {\n  it(\"It should create a post\", (done) => {\n    const post = {\n      \"description\": \"This is an awesome post\",\n    };\n    chai\n      .request(app)\n      .post(\"/api/v1/posts\")\n      .set(\"Accept\", \"application/json\")\n      .send(post)\n      .end((err, res) => {\n        expect(res.status).to.equal(201);\n        expect(res.body.data).to.include({\n          id: 1,\n          description: post.description\n        });\n        done();\n      });\n  });\n\n  it(\"It should not create a post with incomplete parameters\", (done) => {\n    const post = {};\n    chai\n      .request(app)\n      .post(\"/api/v1/posts\")\n      .set(\"Accept\", \"application/json\")\n      .send(post)\n      .end((err, res) => {\n        expect(res.status).to.equal(400);\n        done();\n      });\n  });\n\n  it(\"It should not create a post with invalid parameters\", (done) => {\n    const post = {\n      \"invalid\": \"This is an awesome post\",\n    };\n    chai\n      .request(app)\n      .post(\"/api/v1/posts\")\n      .set(\"Accept\", \"application/json\")\n      .send(post)\n      .end((err, res) => {\n        expect(res.status).to.equal(400);\n        done();\n      });\n  });\n\n  it(\"It should get all posts\", (done) => {\n    chai\n      .request(app)\n      .get(\"/api/v1/posts\")\n      .set(\"Accept\", \"application/json\")\n      .end((err, res) => {\n        expect(res.status).to.equal(200);\n        res.body.data[0].should.have.property(\"description\");\n        done();\n      });\n  });\n\n  it(\"It should get a particular post\", (done) => {\n    const postId = 1;\n    chai\n      .request(app)\n      .get(`/api/v1/posts/${postId}`)\n      .set(\"Accept\", \"application/json\")\n      .end((err, res) => {\n        expect(res.status).to.equal(200);\n        res.body.data.should.have.property(\"description\");\n        done();\n      });\n  });\n\n  it(\"It should not get a particular post with invalid id\", (done) => {\n    const postId = 8888;\n    chai\n      .request(app)\n      .get(`/api/v1/posts/${postId}`)\n      .set(\"Accept\", \"application/json\")\n      .end((err, res) => {\n        expect(res.status).to.equal(404);\n        res.body.should.have\n          .property(\"message\")\n          .eql(`Cannot find post with the id ${postId}`);\n        done();\n      });\n  });\n\n  it(\"It should not get a particular post with non-numeric id\", (done) => {\n    const postId = \"aaa\";\n    chai\n      .request(app)\n      .get(`/api/v1/posts/${postId}`)\n      .set(\"Accept\", \"application/json\")\n      .end((err, res) => {\n        expect(res.status).to.equal(400);\n        res.body.should.have\n          .property(\"message\")\n          .eql(\"\\\"id\\\" must be a number\");\n        done();\n      });\n  });\n\n  it(\"It should edit a post\", (done) => {\n    const postId = 1;\n    const updatedpost = {\n      description: \"We have edited the post\",\n    };\n    chai\n      .request(app)\n      .put(`/api/v1/posts/${postId}`)\n      .set(\"Accept\", \"application/json\")\n      .send(updatedpost)\n      .end((err, res) => {\n        expect(res.status).to.equal(200);\n        expect(res.body.data.id).equal(postId);\n        expect(res.body.data.description).equal(updatedpost.description);\n        done();\n      });\n  });\n\n  it(\"It should not update a post with invalid id\", (done) => {\n    const postId = \"9999\";\n    const updatedpost = {\n      description: \"We have updated the post\",\n    };\n    chai\n      .request(app)\n      .put(`/api/v1/posts/${postId}`)\n      .set(\"Accept\", \"application/json\")\n      .send(updatedpost)\n      .end((err, res) => {\n        expect(res.status).to.equal(404);\n        res.body.should.have\n          .property(\"message\")\n          .eql(`Cannot find post with the id ${postId}`);\n        done();\n      });\n  });\n\n  it(\"It should not update a post with non-numeric id\", (done) => {\n    const postId = \"asd\";\n    const updatedpost = {\n      description: \"We have updated the post\",\n    };\n    chai\n      .request(app)\n      .put(`/api/v1/posts/${postId}`)\n      .set(\"Accept\", \"application/json\")\n      .send(updatedpost)\n      .end((err, res) => {\n        expect(res.status).to.equal(400);\n        res.body.should.have\n          .property(\"message\")\n          .eql(`\"\\id\\\" must be a number`);\n        done();\n      });\n  });\n\n\n  it(\"It should rate a post\", (done) => {\n    const postId = 1;\n    const rating = {\n      \"rating\": \"5\"\n    };\n    chai\n      .request(app)\n      .post(`/api/v1/posts/${postId}/rate`)\n      .set(\"Accept\", \"application/json\")\n      .send(rating)\n      .end((err, res) => {\n        expect(res.status).to.equal(200);\n        expect(res.body.data).to.include({\n          id: postId,\n          average_rating: 5\n        });\n        done();\n      });\n  });\n\n  it(\"It should not rate a post with invalid params\", (done) => {\n    const postId = 1;\n    const rating = {\n      \"rating\": \"10\"\n    };\n    chai\n      .request(app)\n      .post(`/api/v1/posts/${postId}/rate`)\n      .set(\"Accept\", \"application/json\")\n      .send(rating)\n      .end((err, res) => {\n        expect(res.status).to.equal(400);\n        res.body.should.have\n          .property(\"message\")\n          .eql(`\"rating\" must be less than or equal to 5`);\n        done();\n      });\n  });\n\n  it(\"It should not rate a post with invalid id\", (done) => {\n    const postId = \"799\";\n    const rating = {\n      \"rating\": \"3\",\n    };\n    chai\n      .request(app)\n      .post(`/api/v1/posts/${postId}/rate`)\n      .set(\"Accept\", \"application/json\")\n      .send(rating)\n      .end((err, res) => {\n        expect(res.status).to.equal(404);\n        res.body.should.have\n          .property(\"message\")\n          .eql(`Cannot find post with the id ${postId}`);\n        done();\n      });\n  });\n\n  it(\"It should not rate a post with non-numeric id\", (done) => {\n    const postId = \"asd\";\n    const rating = {\n      \"rating\": \"3\",\n    };\n    chai\n      .request(app)\n      .post(`/api/v1/posts/${postId}/rate`)\n      .set(\"Accept\", \"application/json\")\n      .send(rating)\n      .end((err, res) => {\n        expect(res.status).to.equal(400);\n        res.body.should.have\n          .property(\"message\")\n          .eql(`\"\\id\\\" must be a number`);\n        done();\n      });\n  });\n\n  it(\"It should get average rating of particular post\", (done) => {\n    const postId = 1;\n    chai\n      .request(app)\n      .get(`/api/v1/posts/${postId}/rate`)\n      .set(\"Accept\", \"application/json\")\n      .end((err, res) => {\n        expect(res.status).to.equal(200);\n        res.body.should.have\n          .property(\"message\")\n          .eql(\"Post rating retrieved\");\n        done();\n      });\n    });\n\n  it(\"It should not get average rating of particular post with invalid id\", (done) => {\n    const postId = 999;\n    chai\n      .request(app)\n      .get(`/api/v1/posts/${postId}/rate`)\n      .set(\"Accept\", \"application/json\")\n      .end((err, res) => {\n        expect(res.status).to.equal(404);\n        res.body.should.have\n          .property(\"message\")\n          .eql(`Cannot find post with the id ${postId}`);\n        done();\n      });\n  });\n\n  it(\"It should not get average rating of particular post with non-numeric id\", (done) => {\n    const postId = \"asd\";\n    chai\n      .request(app)\n      .get(`/api/v1/posts/${postId}/rate`)\n      .set(\"Accept\", \"application/json\")\n      .end((err, res) => {\n        expect(res.status).to.equal(400);\n        res.body.should.have\n          .property(\"message\")\n          .eql(`\"\\id\\\" must be a number`);\n        done();\n      });\n  });\n\n\n  it(\"It should not delete a post with invalid id\", (done) => {\n    const postId = 777;\n    chai\n      .request(app)\n      .delete(`/api/v1/posts/${postId}`)\n      .set(\"Accept\", \"application/json\")\n      .end((err, res) => {\n        expect(res.status).to.equal(404);\n        res.body.should.have\n          .property(\"message\")\n          .eql(`Cannot find post with the id ${postId}`);\n        done();\n      });\n  });\n\n  it(\"It should not delete a post with non-numeric id\", (done) => {\n    const postId = \"asd\";\n    chai\n      .request(app)\n      .delete(`/api/v1/posts/${postId}`)\n      .set(\"Accept\", \"application/json\")\n      .end((err, res) => {\n        expect(res.status).to.equal(400);\n        res.body.should.have\n          .property(\"message\")\n          .eql(`\"\\id\\\" must be a number`);\n        done();\n      });\n  });\n\n  it(\"It should delete a post\", (done) => {\n    const postId = 1;\n    chai\n      .request(app)\n      .delete(`/api/v1/posts/${postId}`)\n      .set(\"Accept\", \"application/json\")\n      .end((err, res) => {\n        expect(res.status).to.equal(200);\n        expect(res.body.data).to.include({});\n        done();\n      });\n  });\n\n});\n"]},"_coverageSchema":"1a1c01bbd47fc00a2c39e90264f33305004495a9","hash":"1564ebdc81d2084c105172b467e281e414b2def0","contentHash":"aec6a1b8a4ed44a5f66f4295c568c04d4305d89d3191f8e7809d2e14a4ec34c5"},"/Users/aqdasmalik/Documents/workspace/post-app/api/index.js":{"path":"/Users/aqdasmalik/Documents/workspace/post-app/api/index.js","statementMap":{"0":{"start":{"line":3,"column":29},"end":{"line":3,"column":84}},"1":{"start":{"line":5,"column":0},"end":{"line":7,"column":3}},"2":{"start":{"line":8,"column":0},"end":{"line":8,"column":28}},"3":{"start":{"line":10,"column":15},"end":{"line":10,"column":57}},"4":{"start":{"line":12,"column":18},"end":{"line":12,"column":64}},"5":{"start":{"line":14,"column":13},"end":{"line":14,"column":68}},"6":{"start":{"line":16,"column":18},"end":{"line":16,"column":79}},"7":{"start":{"line":18,"column":10},"end":{"line":18,"column":36}},"8":{"start":{"line":19,"column":0},"end":{"line":19,"column":36}},"9":{"start":{"line":21,"column":11},"end":{"line":21,"column":35}},"10":{"start":{"line":22,"column":0},"end":{"line":22,"column":49}},"11":{"start":{"line":27,"column":0},"end":{"line":29,"column":3}},"12":{"start":{"line":28,"column":2},"end":{"line":28,"column":57}},"13":{"start":{"line":31,"column":15},"end":{"line":31,"column":18}},"14":{"start":{"line":32,"column":0},"end":{"line":32,"column":30}}},"fnMap":{"0":{"name":"(anonymous_0)","decl":{"start":{"line":27,"column":17},"end":{"line":27,"column":18}},"loc":{"start":{"line":27,"column":29},"end":{"line":29,"column":1}},"line":27}},"branchMap":{"0":{"loc":{"start":{"line":21,"column":11},"end":{"line":21,"column":35}},"type":"binary-expr","locations":[{"start":{"line":21,"column":11},"end":{"line":21,"column":27}},{"start":{"line":21,"column":31},"end":{"line":21,"column":35}}],"line":21}},"s":{"0":1,"1":1,"2":1,"3":1,"4":1,"5":1,"6":1,"7":1,"8":1,"9":1,"10":1,"11":1,"12":1,"13":1,"14":1},"f":{"0":1},"b":{"0":[1,1]},"inputSourceMap":{"version":3,"sources":["index.js"],"names":["app","use","express","json","port","process","env","PORT","postRoutes","listen","console","log"],"mappings":";;;;;;;;;AAAA;;AACA;;AAEA;;AACA;;AAEA,IAAMA,GAAG,GAAG,0BAAZ;AAEAA,GAAG,CAACC,GAAJ,CAAQC,oBAAQC,IAAR,EAAR,E,CACA;;AAEA,IAAMC,IAAI,GAAGC,OAAO,CAACC,GAAR,CAAYC,IAAZ,IAAoB,IAAjC;AAEAP,GAAG,CAACC,GAAJ,CAAQ,eAAR,EAAyBO,sBAAzB,E,CACA;AACA;AACA;AACA;;AAEAR,GAAG,CAACS,MAAJ,CAAWL,IAAX,EAAiB,YAAM;AACrBM,EAAAA,OAAO,CAACC,GAAR,qCAAyCP,IAAzC;AACD,CAFD,E,CAIA;;eAEeJ,G","sourceRoot":"/Users/aqdasmalik/Documents/workspace/post-app/api/","sourcesContent":["import express from 'express';\nimport bodyParser from 'body-parser';\n\nimport errorHandler from './server/utils/error'\nimport postRoutes from './server/routes/PostRoutes';\n\nconst app = express();\n\napp.use(express.json());\n// app.use(bodyParser.urlencoded({ extended: false }));\n\nconst port = process.env.PORT || 8000;\n\napp.use('/api/v1/posts', postRoutes);\n// when a random route is inputed\n// app.get('*', (req, res) => res.status(404).send({\n//   message: 'OOPS :('\n// }));\n\napp.listen(port, () => {\n  console.log(`Server is running on PORT ${port}`);\n});\n\n// app.use(errorHandler)\n\nexport default app;"]},"_coverageSchema":"1a1c01bbd47fc00a2c39e90264f33305004495a9","hash":"62b914e44aacd107a7064d2c7dceaee0915c96b1","contentHash":"c3fd87e4badc8815386c4e59373b69b0f29d532eb0f9705e6a8e05551f848190"},"/Users/aqdasmalik/Documents/workspace/post-app/api/server/utils/error.js":{"path":"/Users/aqdasmalik/Documents/workspace/post-app/api/server/utils/error.js","statementMap":{"0":{"start":{"line":3,"column":0},"end":{"line":5,"column":3}},"1":{"start":{"line":6,"column":0},"end":{"line":6,"column":28}},"2":{"start":{"line":8,"column":15},"end":{"line":27,"column":1}},"3":{"start":{"line":9,"column":2},"end":{"line":9,"column":19}},"4":{"start":{"line":9,"column":12},"end":{"line":9,"column":19}},"5":{"start":{"line":10,"column":2},"end":{"line":10,"column":55}},"6":{"start":{"line":10,"column":48},"end":{"line":10,"column":55}},"7":{"start":{"line":12,"column":16},"end":{"line":12,"column":27}},"8":{"start":{"line":13,"column":13},"end":{"line":13,"column":21}},"9":{"start":{"line":14,"column":2},"end":{"line":14,"column":21}},"10":{"start":{"line":16,"column":2},"end":{"line":19,"column":3}},"11":{"start":{"line":17,"column":4},"end":{"line":17,"column":41}},"12":{"start":{"line":18,"column":4},"end":{"line":18,"column":15}},"13":{"start":{"line":21,"column":16},"end":{"line":21,"column":27}},"14":{"start":{"line":22,"column":2},"end":{"line":26,"column":5}},"15":{"start":{"line":29,"column":0},"end":{"line":29,"column":30}}},"fnMap":{"0":{"name":"_default","decl":{"start":{"line":8,"column":24},"end":{"line":8,"column":32}},"loc":{"start":{"line":8,"column":54},"end":{"line":27,"column":1}},"line":8}},"branchMap":{"0":{"loc":{"start":{"line":9,"column":2},"end":{"line":9,"column":19}},"type":"if","locations":[{"start":{"line":9,"column":2},"end":{"line":9,"column":19}},{"start":{"line":9,"column":2},"end":{"line":9,"column":19}}],"line":9},"1":{"loc":{"start":{"line":10,"column":2},"end":{"line":10,"column":55}},"type":"if","locations":[{"start":{"line":10,"column":2},"end":{"line":10,"column":55}},{"start":{"line":10,"column":2},"end":{"line":10,"column":55}}],"line":10},"2":{"loc":{"start":{"line":16,"column":2},"end":{"line":19,"column":3}},"type":"if","locations":[{"start":{"line":16,"column":2},"end":{"line":19,"column":3}},{"start":{"line":16,"column":2},"end":{"line":19,"column":3}}],"line":16},"3":{"loc":{"start":{"line":16,"column":6},"end":{"line":16,"column":58}},"type":"binary-expr","locations":[{"start":{"line":16,"column":6},"end":{"line":16,"column":16}},{"start":{"line":16,"column":20},"end":{"line":16,"column":33}},{"start":{"line":16,"column":37},"end":{"line":16,"column":58}}],"line":16},"4":{"loc":{"start":{"line":21,"column":16},"end":{"line":21,"column":27}},"type":"binary-expr","locations":[{"start":{"line":21,"column":16},"end":{"line":21,"column":20}},{"start":{"line":21,"column":24},"end":{"line":21,"column":27}}],"line":21},"5":{"loc":{"start":{"line":24,"column":13},"end":{"line":24,"column":31}},"type":"binary-expr","locations":[{"start":{"line":24,"column":13},"end":{"line":24,"column":20}},{"start":{"line":24,"column":24},"end":{"line":24,"column":31}}],"line":24}},"s":{"0":1,"1":1,"2":1,"3":0,"4":0,"5":0,"6":0,"7":0,"8":0,"9":0,"10":0,"11":0,"12":0,"13":0,"14":0,"15":1},"f":{"0":0},"b":{"0":[0,0],"1":[0,0],"2":[0,0],"3":[0,0,0],"4":[0,0],"5":[0,0]},"inputSourceMap":{"version":3,"sources":["error.js"],"names":["err","req","res","next","headers","accept","includes","message","code","console","trace","errors","shift","errCode","status","json","data"],"mappings":";;;;;;;eAAe,kBAACA,GAAD,EAAMC,GAAN,EAAWC,GAAX,EAAgBC,IAAhB,EAAyB;AACtC,MAAI,CAACH,GAAL,EAAUG,IAAI;AAEd,MAAIF,GAAG,CAACG,OAAJ,CAAYC,MAAZ,CAAmBC,QAAnB,CAA4B,WAA5B,CAAJ,EAA8CH,IAAI,GAHZ,CAKtC;;AACA,MAAMI,OAAN,GAAwBP,GAAxB,CAAMO,OAAN;AAAA,MAAeC,IAAf,GAAwBR,GAAxB,CAAeQ,IAAf;AACAC,EAAAA,OAAO,CAACC,KAAR,CAAcV,GAAd;;AAEA,MAAIA,GAAG,CAACW,MAAJ,IAAcX,GAAG,CAACW,MAAJ,CAAW,CAAX,CAAd,IAA+BX,GAAG,CAACW,MAAJ,CAAW,CAAX,EAAcJ,OAAjD,EAA0D;AACxDA,IAAAA,OAAO,GAAGP,GAAG,CAACW,MAAJ,CAAWC,KAAX,GAAmBL,OAA7B;AACAC,IAAAA,IAAI,GAAG,GAAP;AACD;;AAED,MAAMK,OAAO,GAAGL,IAAI,IAAI,GAAxB;AACA,SAAON,GAAG,CAACY,MAAJ,CAAWD,OAAX,EAAoBE,IAApB,CAAyB;AAC9BP,IAAAA,IAAI,EAAEK,OADwB;AAE9BN,IAAAA,OAAO,EAAEA,OAAO,IAAI,OAFU;AAG9BS,IAAAA,IAAI,EAAE;AAHwB,GAAzB,CAAP;AAKD,C","sourceRoot":"/Users/aqdasmalik/Documents/workspace/post-app/api/server/utils/","sourcesContent":["export default (err, req, res, next) => {\n  if (!err) next()\n\n  if (req.headers.accept.includes('text/html')) next()\n\n  // de-construct stack variable\n  let { message, code } = err\n  console.trace(err)\n\n  if (err.errors && err.errors[0] && err.errors[0].message) {\n    message = err.errors.shift().message\n    code = 422\n  }\n\n  const errCode = code || 500\n  return res.status(errCode).json({\n    code: errCode,\n    message: message || 'error',\n    data: null\n  })\n}\n"]},"_coverageSchema":"1a1c01bbd47fc00a2c39e90264f33305004495a9","hash":"c7db22e108019c28babf108177086c0b74e32934","contentHash":"e60ae009be9cbd2892c955cf3c0665e964cc230d76aa73ec25e645041179a2b5"},"/Users/aqdasmalik/Documents/workspace/post-app/api/server/routes/PostRoutes.js":{"path":"/Users/aqdasmalik/Documents/workspace/post-app/api/server/routes/PostRoutes.js","statementMap":{"0":{"start":{"line":3,"column":29},"end":{"line":3,"column":84}},"1":{"start":{"line":5,"column":0},"end":{"line":7,"column":3}},"2":{"start":{"line":8,"column":0},"end":{"line":8,"column":28}},"3":{"start":{"line":10,"column":15},"end":{"line":10,"column":33}},"4":{"start":{"line":12,"column":22},"end":{"line":12,"column":86}},"5":{"start":{"line":14,"column":22},"end":{"line":14,"column":86}},"6":{"start":{"line":16,"column":13},"end":{"line":16,"column":35}},"7":{"start":{"line":17,"column":0},"end":{"line":17,"column":56}},"8":{"start":{"line":18,"column":0},"end":{"line":18,"column":99}},"9":{"start":{"line":19,"column":0},"end":{"line":19,"column":89}},"10":{"start":{"line":20,"column":0},"end":{"line":20,"column":93}},"11":{"start":{"line":21,"column":0},"end":{"line":21,"column":107}},"12":{"start":{"line":22,"column":0},"end":{"line":22,"column":101}},"13":{"start":{"line":23,"column":0},"end":{"line":23,"column":105}},"14":{"start":{"line":24,"column":15},"end":{"line":24,"column":21}},"15":{"start":{"line":25,"column":0},"end":{"line":25,"column":30}}},"fnMap":{},"branchMap":{},"s":{"0":1,"1":1,"2":1,"3":1,"4":1,"5":1,"6":1,"7":1,"8":1,"9":1,"10":1,"11":1,"12":1,"13":1,"14":1,"15":1},"f":{},"b":{},"inputSourceMap":{"version":3,"sources":["PostRoutes.js"],"names":["router","get","PostController","getAllPosts","PostMiddleware","validateParams","showPost","post","addPost","put","editPost","deletePost","addRating","getRating"],"mappings":";;;;;;;;;AAAA;;AACA;;AACA;;AAEA,IAAMA,MAAM,GAAG,sBAAf;AAEAA,MAAM,CAACC,GAAP,CAAW,GAAX,EAAgBC,2BAAeC,WAA/B;AACAH,MAAM,CAACC,GAAP,CAAW,MAAX,EAAmBG,2BAAeC,cAAlC,EAAkDH,2BAAeI,QAAjE;AACAN,MAAM,CAACO,IAAP,CAAY,GAAZ,EAAiBH,2BAAeI,OAAhC,EAAyCN,2BAAeM,OAAxD;AACAR,MAAM,CAACS,GAAP,CAAW,MAAX,EAAmBL,2BAAeM,QAAlC,EAA4CR,2BAAeQ,QAA3D;AACAV,MAAM,UAAN,CAAc,MAAd,EAAsBI,2BAAeC,cAArC,EAAqDH,2BAAeS,UAApE;AAEAX,MAAM,CAACO,IAAP,CAAY,WAAZ,EAAyBH,2BAAeQ,SAAxC,EAAmDV,2BAAeU,SAAlE;AACAZ,MAAM,CAACC,GAAP,CAAW,WAAX,EAAwBG,2BAAeC,cAAvC,EAAuDH,2BAAeW,SAAtE;eAEeb,M","sourceRoot":"/Users/aqdasmalik/Documents/workspace/post-app/api/server/routes/","sourcesContent":["import { Router } from \"express\";\nimport PostController from \"../controllers/PostController\";\nimport PostMiddleware from \"../middlewares/PostMiddleware\";\n\nconst router = Router();\n\nrouter.get(\"/\", PostController.getAllPosts);\nrouter.get(\"/:id\", PostMiddleware.validateParams, PostController.showPost);\nrouter.post(\"/\", PostMiddleware.addPost, PostController.addPost);\nrouter.put(\"/:id\", PostMiddleware.editPost, PostController.editPost);\nrouter.delete(\"/:id\", PostMiddleware.validateParams, PostController.deletePost);\n\nrouter.post(\"/:id/rate\", PostMiddleware.addRating, PostController.addRating);\nrouter.get(\"/:id/rate\", PostMiddleware.validateParams, PostController.getRating);\n\nexport default router;\n"]},"_coverageSchema":"1a1c01bbd47fc00a2c39e90264f33305004495a9","hash":"5ced8a222358c54125d887aac7f0bdaa7a16c463","contentHash":"1f2ce70d33840431f62a35c66914042b2b3954d92d3fd72d070ad7b09eaa5e8f"},"/Users/aqdasmalik/Documents/workspace/post-app/api/server/controllers/PostController.js":{"path":"/Users/aqdasmalik/Documents/workspace/post-app/api/server/controllers/PostController.js","statementMap":{"0":{"start":{"line":3,"column":29},"end":{"line":3,"column":84}},"1":{"start":{"line":5,"column":0},"end":{"line":7,"column":3}},"2":{"start":{"line":8,"column":0},"end":{"line":8,"column":28}},"3":{"start":{"line":10,"column":19},"end":{"line":10,"column":80}},"4":{"start":{"line":12,"column":25},"end":{"line":12,"column":99}},"5":{"start":{"line":14,"column":23},"end":{"line":14,"column":95}},"6":{"start":{"line":16,"column":20},"end":{"line":16,"column":89}},"7":{"start":{"line":18,"column":0},"end":{"line":18,"column":32}},"8":{"start":{"line":20,"column":19},"end":{"line":20,"column":77}},"9":{"start":{"line":22,"column":13},"end":{"line":22,"column":62}},"10":{"start":{"line":24,"column":11},"end":{"line":24,"column":34}},"11":{"start":{"line":26,"column":34},"end":{"line":262,"column":3}},"12":{"start":{"line":28,"column":4},"end":{"line":28,"column":59}},"13":{"start":{"line":31,"column":2},"end":{"line":260,"column":6}},"14":{"start":{"line":34,"column":25},"end":{"line":55,"column":9}},"15":{"start":{"line":36,"column":8},"end":{"line":54,"column":20}},"16":{"start":{"line":37,"column":10},"end":{"line":53,"column":11}},"17":{"start":{"line":38,"column":12},"end":{"line":52,"column":13}},"18":{"start":{"line":40,"column":16},"end":{"line":40,"column":34}},"19":{"start":{"line":41,"column":16},"end":{"line":41,"column":61}},"20":{"start":{"line":44,"column":16},"end":{"line":44,"column":41}},"21":{"start":{"line":45,"column":16},"end":{"line":45,"column":66}},"22":{"start":{"line":46,"column":16},"end":{"line":46,"column":31}},"23":{"start":{"line":47,"column":16},"end":{"line":47,"column":49}},"24":{"start":{"line":51,"column":16},"end":{"line":51,"column":39}},"25":{"start":{"line":58,"column":8},"end":{"line":58,"column":51}},"26":{"start":{"line":61,"column":6},"end":{"line":61,"column":25}},"27":{"start":{"line":66,"column":21},"end":{"line":87,"column":9}},"28":{"start":{"line":68,"column":8},"end":{"line":86,"column":21}},"29":{"start":{"line":69,"column":10},"end":{"line":85,"column":11}},"30":{"start":{"line":70,"column":12},"end":{"line":84,"column":13}},"31":{"start":{"line":72,"column":16},"end":{"line":72,"column":35}},"32":{"start":{"line":73,"column":16},"end":{"line":73,"column":65}},"33":{"start":{"line":76,"column":16},"end":{"line":76,"column":41}},"34":{"start":{"line":77,"column":16},"end":{"line":77,"column":62}},"35":{"start":{"line":78,"column":16},"end":{"line":78,"column":31}},"36":{"start":{"line":79,"column":16},"end":{"line":79,"column":50}},"37":{"start":{"line":83,"column":16},"end":{"line":83,"column":40}},"38":{"start":{"line":90,"column":8},"end":{"line":90,"column":47}},"39":{"start":{"line":93,"column":6},"end":{"line":93,"column":21}},"40":{"start":{"line":98,"column":22},"end":{"line":120,"column":9}},"41":{"start":{"line":100,"column":8},"end":{"line":119,"column":21}},"42":{"start":{"line":101,"column":10},"end":{"line":118,"column":11}},"43":{"start":{"line":102,"column":12},"end":{"line":117,"column":13}},"44":{"start":{"line":104,"column":16},"end":{"line":104,"column":35}},"45":{"start":{"line":105,"column":16},"end":{"line":105,"column":35}},"46":{"start":{"line":106,"column":16},"end":{"line":106,"column":70}},"47":{"start":{"line":109,"column":16},"end":{"line":109,"column":38}},"48":{"start":{"line":110,"column":16},"end":{"line":110,"column":150}},"49":{"start":{"line":110,"column":39},"end":{"line":110,"column":102}},"50":{"start":{"line":110,"column":107},"end":{"line":110,"column":150}},"51":{"start":{"line":111,"column":16},"end":{"line":111,"column":31}},"52":{"start":{"line":112,"column":16},"end":{"line":112,"column":50}},"53":{"start":{"line":116,"column":16},"end":{"line":116,"column":40}},"54":{"start":{"line":123,"column":8},"end":{"line":123,"column":48}},"55":{"start":{"line":126,"column":6},"end":{"line":126,"column":22}},"56":{"start":{"line":131,"column":22},"end":{"line":153,"column":9}},"57":{"start":{"line":133,"column":8},"end":{"line":152,"column":21}},"58":{"start":{"line":134,"column":10},"end":{"line":151,"column":11}},"59":{"start":{"line":135,"column":12},"end":{"line":150,"column":13}},"60":{"start":{"line":137,"column":16},"end":{"line":137,"column":35}},"61":{"start":{"line":138,"column":16},"end":{"line":138,"column":35}},"62":{"start":{"line":139,"column":16},"end":{"line":139,"column":59}},"63":{"start":{"line":142,"column":16},"end":{"line":142,"column":38}},"64":{"start":{"line":143,"column":16},"end":{"line":143,"column":152}},"65":{"start":{"line":143,"column":39},"end":{"line":143,"column":102}},"66":{"start":{"line":143,"column":107},"end":{"line":143,"column":152}},"67":{"start":{"line":144,"column":16},"end":{"line":144,"column":31}},"68":{"start":{"line":145,"column":16},"end":{"line":145,"column":50}},"69":{"start":{"line":149,"column":16},"end":{"line":149,"column":40}},"70":{"start":{"line":156,"column":8},"end":{"line":156,"column":48}},"71":{"start":{"line":159,"column":6},"end":{"line":159,"column":22}},"72":{"start":{"line":164,"column":24},"end":{"line":186,"column":9}},"73":{"start":{"line":166,"column":8},"end":{"line":185,"column":21}},"74":{"start":{"line":167,"column":10},"end":{"line":184,"column":11}},"75":{"start":{"line":168,"column":12},"end":{"line":183,"column":13}},"76":{"start":{"line":170,"column":16},"end":{"line":170,"column":35}},"77":{"start":{"line":171,"column":16},"end":{"line":171,"column":35}},"78":{"start":{"line":172,"column":16},"end":{"line":172,"column":62}},"79":{"start":{"line":175,"column":16},"end":{"line":175,"column":38}},"80":{"start":{"line":176,"column":16},"end":{"line":176,"column":149}},"81":{"start":{"line":176,"column":39},"end":{"line":176,"column":102}},"82":{"start":{"line":176,"column":107},"end":{"line":176,"column":149}},"83":{"start":{"line":177,"column":16},"end":{"line":177,"column":31}},"84":{"start":{"line":178,"column":16},"end":{"line":178,"column":50}},"85":{"start":{"line":182,"column":16},"end":{"line":182,"column":40}},"86":{"start":{"line":189,"column":8},"end":{"line":189,"column":50}},"87":{"start":{"line":192,"column":6},"end":{"line":192,"column":24}},"88":{"start":{"line":197,"column":23},"end":{"line":219,"column":9}},"89":{"start":{"line":199,"column":8},"end":{"line":218,"column":21}},"90":{"start":{"line":200,"column":10},"end":{"line":217,"column":11}},"91":{"start":{"line":201,"column":12},"end":{"line":216,"column":13}},"92":{"start":{"line":203,"column":16},"end":{"line":203,"column":35}},"93":{"start":{"line":204,"column":16},"end":{"line":204,"column":35}},"94":{"start":{"line":205,"column":16},"end":{"line":205,"column":77}},"95":{"start":{"line":208,"column":16},"end":{"line":208,"column":38}},"96":{"start":{"line":209,"column":16},"end":{"line":209,"column":158}},"97":{"start":{"line":209,"column":39},"end":{"line":209,"column":102}},"98":{"start":{"line":209,"column":107},"end":{"line":209,"column":158}},"99":{"start":{"line":210,"column":16},"end":{"line":210,"column":31}},"100":{"start":{"line":211,"column":16},"end":{"line":211,"column":50}},"101":{"start":{"line":215,"column":16},"end":{"line":215,"column":40}},"102":{"start":{"line":222,"column":8},"end":{"line":222,"column":49}},"103":{"start":{"line":225,"column":6},"end":{"line":225,"column":23}},"104":{"start":{"line":230,"column":23},"end":{"line":252,"column":9}},"105":{"start":{"line":232,"column":8},"end":{"line":251,"column":21}},"106":{"start":{"line":233,"column":10},"end":{"line":250,"column":11}},"107":{"start":{"line":234,"column":12},"end":{"line":249,"column":13}},"108":{"start":{"line":236,"column":16},"end":{"line":236,"column":35}},"109":{"start":{"line":237,"column":16},"end":{"line":237,"column":35}},"110":{"start":{"line":238,"column":16},"end":{"line":238,"column":68}},"111":{"start":{"line":241,"column":16},"end":{"line":241,"column":38}},"112":{"start":{"line":242,"column":16},"end":{"line":242,"column":159}},"113":{"start":{"line":242,"column":39},"end":{"line":242,"column":102}},"114":{"start":{"line":242,"column":107},"end":{"line":242,"column":159}},"115":{"start":{"line":243,"column":16},"end":{"line":243,"column":31}},"116":{"start":{"line":244,"column":16},"end":{"line":244,"column":50}},"117":{"start":{"line":248,"column":16},"end":{"line":248,"column":40}},"118":{"start":{"line":255,"column":8},"end":{"line":255,"column":49}},"119":{"start":{"line":258,"column":6},"end":{"line":258,"column":23}},"120":{"start":{"line":261,"column":2},"end":{"line":261,"column":24}},"121":{"start":{"line":264,"column":15},"end":{"line":264,"column":29}},"122":{"start":{"line":265,"column":0},"end":{"line":265,"column":30}}},"fnMap":{"0":{"name":"(anonymous_0)","decl":{"start":{"line":26,"column":34},"end":{"line":26,"column":35}},"loc":{"start":{"line":26,"column":46},"end":{"line":262,"column":1}},"line":26},"1":{"name":"PostController","decl":{"start":{"line":27,"column":11},"end":{"line":27,"column":25}},"loc":{"start":{"line":27,"column":28},"end":{"line":29,"column":3}},"line":27},"2":{"name":"(anonymous_2)","decl":{"start":{"line":33,"column":11},"end":{"line":33,"column":12}},"loc":{"start":{"line":33,"column":23},"end":{"line":62,"column":5}},"line":33},"3":{"name":"_callee","decl":{"start":{"line":34,"column":112},"end":{"line":34,"column":119}},"loc":{"start":{"line":34,"column":130},"end":{"line":55,"column":7}},"line":34},"4":{"name":"_callee$","decl":{"start":{"line":36,"column":53},"end":{"line":36,"column":61}},"loc":{"start":{"line":36,"column":72},"end":{"line":54,"column":9}},"line":36},"5":{"name":"getAllPosts","decl":{"start":{"line":57,"column":15},"end":{"line":57,"column":26}},"loc":{"start":{"line":57,"column":36},"end":{"line":59,"column":7}},"line":57},"6":{"name":"(anonymous_6)","decl":{"start":{"line":65,"column":11},"end":{"line":65,"column":12}},"loc":{"start":{"line":65,"column":23},"end":{"line":94,"column":5}},"line":65},"7":{"name":"_callee2","decl":{"start":{"line":66,"column":108},"end":{"line":66,"column":116}},"loc":{"start":{"line":66,"column":127},"end":{"line":87,"column":7}},"line":66},"8":{"name":"_callee2$","decl":{"start":{"line":68,"column":53},"end":{"line":68,"column":62}},"loc":{"start":{"line":68,"column":74},"end":{"line":86,"column":9}},"line":68},"9":{"name":"addPost","decl":{"start":{"line":89,"column":15},"end":{"line":89,"column":22}},"loc":{"start":{"line":89,"column":33},"end":{"line":91,"column":7}},"line":89},"10":{"name":"(anonymous_10)","decl":{"start":{"line":97,"column":11},"end":{"line":97,"column":12}},"loc":{"start":{"line":97,"column":23},"end":{"line":127,"column":5}},"line":97},"11":{"name":"_callee3","decl":{"start":{"line":98,"column":109},"end":{"line":98,"column":117}},"loc":{"start":{"line":98,"column":128},"end":{"line":120,"column":7}},"line":98},"12":{"name":"_callee3$","decl":{"start":{"line":100,"column":53},"end":{"line":100,"column":62}},"loc":{"start":{"line":100,"column":74},"end":{"line":119,"column":9}},"line":100},"13":{"name":"editPost","decl":{"start":{"line":122,"column":15},"end":{"line":122,"column":23}},"loc":{"start":{"line":122,"column":34},"end":{"line":124,"column":7}},"line":122},"14":{"name":"(anonymous_14)","decl":{"start":{"line":130,"column":11},"end":{"line":130,"column":12}},"loc":{"start":{"line":130,"column":23},"end":{"line":160,"column":5}},"line":130},"15":{"name":"_callee4","decl":{"start":{"line":131,"column":109},"end":{"line":131,"column":117}},"loc":{"start":{"line":131,"column":128},"end":{"line":153,"column":7}},"line":131},"16":{"name":"_callee4$","decl":{"start":{"line":133,"column":53},"end":{"line":133,"column":62}},"loc":{"start":{"line":133,"column":74},"end":{"line":152,"column":9}},"line":133},"17":{"name":"showPost","decl":{"start":{"line":155,"column":15},"end":{"line":155,"column":23}},"loc":{"start":{"line":155,"column":34},"end":{"line":157,"column":7}},"line":155},"18":{"name":"(anonymous_18)","decl":{"start":{"line":163,"column":11},"end":{"line":163,"column":12}},"loc":{"start":{"line":163,"column":23},"end":{"line":193,"column":5}},"line":163},"19":{"name":"_callee5","decl":{"start":{"line":164,"column":111},"end":{"line":164,"column":119}},"loc":{"start":{"line":164,"column":130},"end":{"line":186,"column":7}},"line":164},"20":{"name":"_callee5$","decl":{"start":{"line":166,"column":53},"end":{"line":166,"column":62}},"loc":{"start":{"line":166,"column":74},"end":{"line":185,"column":9}},"line":166},"21":{"name":"deletePost","decl":{"start":{"line":188,"column":15},"end":{"line":188,"column":25}},"loc":{"start":{"line":188,"column":37},"end":{"line":190,"column":7}},"line":188},"22":{"name":"(anonymous_22)","decl":{"start":{"line":196,"column":11},"end":{"line":196,"column":12}},"loc":{"start":{"line":196,"column":23},"end":{"line":226,"column":5}},"line":196},"23":{"name":"_callee6","decl":{"start":{"line":197,"column":110},"end":{"line":197,"column":118}},"loc":{"start":{"line":197,"column":129},"end":{"line":219,"column":7}},"line":197},"24":{"name":"_callee6$","decl":{"start":{"line":199,"column":53},"end":{"line":199,"column":62}},"loc":{"start":{"line":199,"column":74},"end":{"line":218,"column":9}},"line":199},"25":{"name":"addRating","decl":{"start":{"line":221,"column":15},"end":{"line":221,"column":24}},"loc":{"start":{"line":221,"column":37},"end":{"line":223,"column":7}},"line":221},"26":{"name":"(anonymous_26)","decl":{"start":{"line":229,"column":11},"end":{"line":229,"column":12}},"loc":{"start":{"line":229,"column":23},"end":{"line":259,"column":5}},"line":229},"27":{"name":"_callee7","decl":{"start":{"line":230,"column":110},"end":{"line":230,"column":118}},"loc":{"start":{"line":230,"column":129},"end":{"line":252,"column":7}},"line":230},"28":{"name":"_callee7$","decl":{"start":{"line":232,"column":53},"end":{"line":232,"column":62}},"loc":{"start":{"line":232,"column":74},"end":{"line":251,"column":9}},"line":232},"29":{"name":"getRating","decl":{"start":{"line":254,"column":15},"end":{"line":254,"column":24}},"loc":{"start":{"line":254,"column":37},"end":{"line":256,"column":7}},"line":254}},"branchMap":{"0":{"loc":{"start":{"line":38,"column":12},"end":{"line":52,"column":13}},"type":"switch","locations":[{"start":{"line":39,"column":14},"end":{"line":41,"column":61}},{"start":{"line":43,"column":14},"end":{"line":47,"column":49}},{"start":{"line":49,"column":14},"end":{"line":49,"column":21}},{"start":{"line":50,"column":14},"end":{"line":51,"column":39}}],"line":38},"1":{"loc":{"start":{"line":70,"column":12},"end":{"line":84,"column":13}},"type":"switch","locations":[{"start":{"line":71,"column":14},"end":{"line":73,"column":65}},{"start":{"line":75,"column":14},"end":{"line":79,"column":50}},{"start":{"line":81,"column":14},"end":{"line":81,"column":21}},{"start":{"line":82,"column":14},"end":{"line":83,"column":40}}],"line":70},"2":{"loc":{"start":{"line":102,"column":12},"end":{"line":117,"column":13}},"type":"switch","locations":[{"start":{"line":103,"column":14},"end":{"line":106,"column":70}},{"start":{"line":108,"column":14},"end":{"line":112,"column":50}},{"start":{"line":114,"column":14},"end":{"line":114,"column":21}},{"start":{"line":115,"column":14},"end":{"line":116,"column":40}}],"line":102},"3":{"loc":{"start":{"line":110,"column":16},"end":{"line":110,"column":150}},"type":"if","locations":[{"start":{"line":110,"column":16},"end":{"line":110,"column":150}},{"start":{"line":110,"column":16},"end":{"line":110,"column":150}}],"line":110},"4":{"loc":{"start":{"line":135,"column":12},"end":{"line":150,"column":13}},"type":"switch","locations":[{"start":{"line":136,"column":14},"end":{"line":139,"column":59}},{"start":{"line":141,"column":14},"end":{"line":145,"column":50}},{"start":{"line":147,"column":14},"end":{"line":147,"column":21}},{"start":{"line":148,"column":14},"end":{"line":149,"column":40}}],"line":135},"5":{"loc":{"start":{"line":143,"column":16},"end":{"line":143,"column":152}},"type":"if","locations":[{"start":{"line":143,"column":16},"end":{"line":143,"column":152}},{"start":{"line":143,"column":16},"end":{"line":143,"column":152}}],"line":143},"6":{"loc":{"start":{"line":168,"column":12},"end":{"line":183,"column":13}},"type":"switch","locations":[{"start":{"line":169,"column":14},"end":{"line":172,"column":62}},{"start":{"line":174,"column":14},"end":{"line":178,"column":50}},{"start":{"line":180,"column":14},"end":{"line":180,"column":21}},{"start":{"line":181,"column":14},"end":{"line":182,"column":40}}],"line":168},"7":{"loc":{"start":{"line":176,"column":16},"end":{"line":176,"column":149}},"type":"if","locations":[{"start":{"line":176,"column":16},"end":{"line":176,"column":149}},{"start":{"line":176,"column":16},"end":{"line":176,"column":149}}],"line":176},"8":{"loc":{"start":{"line":201,"column":12},"end":{"line":216,"column":13}},"type":"switch","locations":[{"start":{"line":202,"column":14},"end":{"line":205,"column":77}},{"start":{"line":207,"column":14},"end":{"line":211,"column":50}},{"start":{"line":213,"column":14},"end":{"line":213,"column":21}},{"start":{"line":214,"column":14},"end":{"line":215,"column":40}}],"line":201},"9":{"loc":{"start":{"line":209,"column":16},"end":{"line":209,"column":158}},"type":"if","locations":[{"start":{"line":209,"column":16},"end":{"line":209,"column":158}},{"start":{"line":209,"column":16},"end":{"line":209,"column":158}}],"line":209},"10":{"loc":{"start":{"line":234,"column":12},"end":{"line":249,"column":13}},"type":"switch","locations":[{"start":{"line":235,"column":14},"end":{"line":238,"column":68}},{"start":{"line":240,"column":14},"end":{"line":244,"column":50}},{"start":{"line":246,"column":14},"end":{"line":246,"column":21}},{"start":{"line":247,"column":14},"end":{"line":248,"column":40}}],"line":234},"11":{"loc":{"start":{"line":242,"column":16},"end":{"line":242,"column":159}},"type":"if","locations":[{"start":{"line":242,"column":16},"end":{"line":242,"column":159}},{"start":{"line":242,"column":16},"end":{"line":242,"column":159}}],"line":242}},"s":{"0":1,"1":1,"2":1,"3":1,"4":1,"5":1,"6":1,"7":1,"8":1,"9":1,"10":1,"11":1,"12":0,"13":1,"14":1,"15":1,"16":3,"17":3,"18":1,"19":1,"20":1,"21":1,"22":1,"23":1,"24":1,"25":1,"26":1,"27":1,"28":1,"29":3,"30":3,"31":1,"32":1,"33":1,"34":1,"35":1,"36":1,"37":1,"38":1,"39":1,"40":1,"41":2,"42":6,"43":6,"44":2,"45":2,"46":2,"47":2,"48":2,"49":1,"50":1,"51":2,"52":2,"53":2,"54":2,"55":1,"56":1,"57":2,"58":6,"59":6,"60":2,"61":2,"62":2,"63":2,"64":2,"65":1,"66":1,"67":2,"68":2,"69":2,"70":2,"71":1,"72":1,"73":2,"74":6,"75":6,"76":2,"77":2,"78":2,"79":2,"80":2,"81":1,"82":1,"83":2,"84":2,"85":2,"86":2,"87":1,"88":1,"89":2,"90":6,"91":6,"92":2,"93":2,"94":2,"95":2,"96":2,"97":1,"98":1,"99":2,"100":2,"101":2,"102":2,"103":1,"104":1,"105":2,"106":6,"107":6,"108":2,"109":2,"110":2,"111":2,"112":2,"113":1,"114":1,"115":2,"116":2,"117":2,"118":2,"119":1,"120":1,"121":1,"122":1},"f":{"0":1,"1":0,"2":1,"3":1,"4":3,"5":1,"6":1,"7":1,"8":3,"9":1,"10":1,"11":2,"12":6,"13":2,"14":1,"15":2,"16":6,"17":2,"18":1,"19":2,"20":6,"21":2,"22":1,"23":2,"24":6,"25":2,"26":1,"27":2,"28":6,"29":2},"b":{"0":[1,1,0,1],"1":[1,1,0,1],"2":[2,2,0,2],"3":[1,1],"4":[2,2,0,2],"5":[1,1],"6":[2,2,0,2],"7":[1,1],"8":[2,2,0,2],"9":[1,1],"10":[2,2,0,2],"11":[1,1]},"inputSourceMap":{"version":3,"sources":["PostController.js"],"names":["util","Util","PostController","req","res","PostService","getAllPosts","allPosts","setSuccess","send","addPost","body","newPost","id","params","editPost","post","undefined","setError","getPost","deletePost","ratePost","rating","getAvgPostRating"],"mappings":";;;;;;;;;;;;;;;;;AAAA;;AACA;;AACA;;AAEA,IAAMA,IAAI,GAAG,IAAIC,iBAAJ,EAAb;;IAEMC,c;;;;;;;;uGACJ,iBAAyBC,GAAzB,EAA8BC,GAA9B;AAAA;AAAA;AAAA;AAAA;AAAA;AAAA;AAAA,uBACyBC,wBAAYC,WAAZ,EADzB;;AAAA;AACQC,gBAAAA,QADR;AAGEP,gBAAAA,IAAI,CAACQ,UAAL,CAAgB,GAAhB,EAAqB,iBAArB,EAAwCD,QAAxC;AACAP,gBAAAA,IAAI,CAACS,IAAL,CAAUL,GAAV;AAJF;;AAAA;AAAA;AAAA;AAAA;AAAA;AAAA;AAAA,O;;;;;;;;;;;mGAQA,kBAAqBD,GAArB,EAA0BC,GAA1B;AAAA;AAAA;AAAA;AAAA;AAAA;AAAA;AAAA,uBACwBC,wBAAYK,OAAZ,CAAoBP,GAAG,CAACQ,IAAxB,CADxB;;AAAA;AACQC,gBAAAA,OADR;AAGEZ,gBAAAA,IAAI,CAACQ,UAAL,CAAgB,GAAhB,EAAqB,cAArB,EAAqCI,OAArC;AACAZ,gBAAAA,IAAI,CAACS,IAAL,CAAUL,GAAV;AAJF;;AAAA;AAAA;AAAA;AAAA;AAAA;AAAA;AAAA,O;;;;;;;;;;;oGAQA,kBAAsBD,GAAtB,EAA2BC,GAA3B;AAAA;AAAA;AAAA;AAAA;AAAA;AACUS,gBAAAA,EADV,GACiBV,GAAG,CAACW,MADrB,CACUD,EADV;AAAA;AAAA,uBAEqBR,wBAAYU,QAAZ,CAAqBF,EAArB,EAAyBV,GAAG,CAACQ,IAA7B,CAFrB;;AAAA;AAEQK,gBAAAA,IAFR;AAIE,oBAAIA,IAAI,IAAIC,SAAZ,EAAuBjB,IAAI,CAACkB,QAAL,CAAc,GAAd,yCAAmDL,EAAnD,GAAvB,KACKb,IAAI,CAACQ,UAAL,CAAgB,GAAhB,EAAqB,cAArB,EAAqCQ,IAArC;AAELhB,gBAAAA,IAAI,CAACS,IAAL,CAAUL,GAAV;AAPF;;AAAA;AAAA;AAAA;AAAA;AAAA;AAAA;AAAA,O;;;;;;;;;;;oGAWA,kBAAsBD,GAAtB,EAA2BC,GAA3B;AAAA;AAAA;AAAA;AAAA;AAAA;AACUS,gBAAAA,EADV,GACiBV,GAAG,CAACW,MADrB,CACUD,EADV;AAAA;AAAA,uBAEqBR,wBAAYc,OAAZ,CAAoBN,EAApB,CAFrB;;AAAA;AAEQG,gBAAAA,IAFR;AAIE,oBAAIA,IAAI,IAAIC,SAAZ,EAAuBjB,IAAI,CAACkB,QAAL,CAAc,GAAd,yCAAmDL,EAAnD,GAAvB,KACKb,IAAI,CAACQ,UAAL,CAAgB,GAAhB,EAAqB,gBAArB,EAAuCQ,IAAvC;AAELhB,gBAAAA,IAAI,CAACS,IAAL,CAAUL,GAAV;AAPF;;AAAA;AAAA;AAAA;AAAA;AAAA;AAAA;AAAA,O;;;;;;;;;;;sGAWA,kBAAwBD,GAAxB,EAA6BC,GAA7B;AAAA;AAAA;AAAA;AAAA;AAAA;AACUS,gBAAAA,EADV,GACiBV,GAAG,CAACW,MADrB,CACUD,EADV;AAAA;AAAA,uBAEqBR,wBAAYe,UAAZ,CAAuBP,EAAvB,CAFrB;;AAAA;AAEQG,gBAAAA,IAFR;AAIE,oBAAIA,IAAI,IAAIC,SAAZ,EAAuBjB,IAAI,CAACkB,QAAL,CAAc,GAAd,yCAAmDL,EAAnD,GAAvB,KACKb,IAAI,CAACQ,UAAL,CAAgB,GAAhB,EAAqB,eAArB,EAAsC,EAAtC;AAELR,gBAAAA,IAAI,CAACS,IAAL,CAAUL,GAAV;AAPF;;AAAA;AAAA;AAAA;AAAA;AAAA;AAAA;AAAA,O;;;;;;;;;;;qGAWA,kBAAuBD,GAAvB,EAA4BC,GAA5B;AAAA;AAAA;AAAA;AAAA;AAAA;AACUS,gBAAAA,EADV,GACiBV,GAAG,CAACW,MADrB,CACUD,EADV;AAAA;AAAA,uBAEqBR,wBAAYgB,QAAZ,CAAqBR,EAArB,EAAyBV,GAAG,CAACQ,IAAJ,CAASW,MAAlC,CAFrB;;AAAA;AAEQN,gBAAAA,IAFR;AAIE,oBAAIA,IAAI,IAAIC,SAAZ,EAAuBjB,IAAI,CAACkB,QAAL,CAAc,GAAd,yCAAmDL,EAAnD,GAAvB,KACKb,IAAI,CAACQ,UAAL,CAAgB,GAAhB,EAAqB,sBAArB,EAA6CQ,IAA7C;AAELhB,gBAAAA,IAAI,CAACS,IAAL,CAAUL,GAAV;AAPF;;AAAA;AAAA;AAAA;AAAA;AAAA;AAAA;AAAA,O;;;;;;;;;;;qGAWA,kBAAuBD,GAAvB,EAA4BC,GAA5B;AAAA;AAAA;AAAA;AAAA;AAAA;AACUS,gBAAAA,EADV,GACiBV,GAAG,CAACW,MADrB,CACUD,EADV;AAAA;AAAA,uBAEqBR,wBAAYkB,gBAAZ,CAA6BV,EAA7B,CAFrB;;AAAA;AAEQG,gBAAAA,IAFR;AAIE,oBAAIA,IAAI,IAAIC,SAAZ,EAAuBjB,IAAI,CAACkB,QAAL,CAAc,GAAd,yCAAmDL,EAAnD,GAAvB,KACKb,IAAI,CAACQ,UAAL,CAAgB,GAAhB,EAAqB,uBAArB,EAA8CQ,IAA9C;AAELhB,gBAAAA,IAAI,CAACS,IAAL,CAAUL,GAAV;AAPF;;AAAA;AAAA;AAAA;AAAA;AAAA;AAAA;AAAA,O;;;;;;;;;;;;eAYaF,c","sourceRoot":"/Users/aqdasmalik/Documents/workspace/post-app/api/server/controllers/","sourcesContent":["import \"express-async-errors\";\nimport PostService from \"../services/PostService\";\nimport Util from \"../utils/Utils\";\n\nconst util = new Util();\n\nclass PostController {\n  static async getAllPosts(req, res) {\n    const allPosts = await PostService.getAllPosts();\n\n    util.setSuccess(200, \"Posts retrieved\", allPosts);\n    util.send(res);\n    return;\n  }\n\n  static async addPost(req, res) {\n    const newPost = await PostService.addPost(req.body);\n\n    util.setSuccess(201, \"Post created\", newPost);\n    util.send(res);\n    return;\n  }\n\n  static async editPost(req, res) {\n    const { id } = req.params;\n    const post = await PostService.editPost(id, req.body);\n\n    if (post == undefined) util.setError(404, `Cannot find post with the id ${id}`);\n    else util.setSuccess(200, \"Post updated\", post);\n\n    util.send(res);\n    return;\n  }\n\n  static async showPost(req, res) {\n    const { id } = req.params;\n    const post = await PostService.getPost(id);\n\n    if (post == undefined) util.setError(404, `Cannot find post with the id ${id}`);\n    else util.setSuccess(200, \"Post retrieved\", post);\n\n    util.send(res);\n    return;\n  }\n\n  static async deletePost(req, res) {\n    const { id } = req.params;\n    const post = await PostService.deletePost(id);\n\n    if (post == undefined) util.setError(404, `Cannot find post with the id ${id}`);\n    else util.setSuccess(200, \"Posts deleted\", {});\n\n    util.send(res);\n    return;\n  }\n\n  static async addRating(req, res) {\n    const { id } = req.params;\n    const post = await PostService.ratePost(id, req.body.rating);\n\n    if (post == undefined) util.setError(404, `Cannot find post with the id ${id}`);\n    else util.setSuccess(200, \"Rating added to post\", post);\n\n    util.send(res);\n    return;\n  }\n\n  static async getRating(req, res) {\n    const { id } = req.params;\n    const post = await PostService.getAvgPostRating(id);\n\n    if (post == undefined) util.setError(404, `Cannot find post with the id ${id}`);\n    else util.setSuccess(200, \"Post rating retrieved\", post);\n\n    util.send(res);\n    return;\n  }\n}\n\nexport default PostController;\n"]},"_coverageSchema":"1a1c01bbd47fc00a2c39e90264f33305004495a9","hash":"e38e951e12a1182c51467cd1ae58ed3cfb556d2b","contentHash":"cfd5d910296c4f7c280e131a20ab6ff0986b4dbe14cf6bd32e06de570f21388c"},"/Users/aqdasmalik/Documents/workspace/post-app/api/server/services/PostService.js":{"path":"/Users/aqdasmalik/Documents/workspace/post-app/api/server/services/PostService.js","statementMap":{"0":{"start":{"line":3,"column":29},"end":{"line":3,"column":84}},"1":{"start":{"line":5,"column":0},"end":{"line":7,"column":3}},"2":{"start":{"line":8,"column":0},"end":{"line":8,"column":28}},"3":{"start":{"line":10,"column":19},"end":{"line":10,"column":80}},"4":{"start":{"line":12,"column":23},"end":{"line":12,"column":95}},"5":{"start":{"line":14,"column":25},"end":{"line":14,"column":99}},"6":{"start":{"line":16,"column":23},"end":{"line":16,"column":95}},"7":{"start":{"line":18,"column":20},"end":{"line":18,"column":89}},"8":{"start":{"line":20,"column":14},"end":{"line":20,"column":58}},"9":{"start":{"line":22,"column":54},"end":{"line":22,"column":73}},"10":{"start":{"line":22,"column":75},"end":{"line":22,"column":330}},"11":{"start":{"line":22,"column":125},"end":{"line":22,"column":161}},"12":{"start":{"line":22,"column":163},"end":{"line":22,"column":296}},"13":{"start":{"line":22,"column":185},"end":{"line":22,"column":294}},"14":{"start":{"line":22,"column":227},"end":{"line":22,"column":290}},"15":{"start":{"line":22,"column":297},"end":{"line":22,"column":328}},"16":{"start":{"line":22,"column":331},"end":{"line":22,"column":343}},"17":{"start":{"line":24,"column":33},"end":{"line":24,"column":534}},"18":{"start":{"line":24,"column":46},"end":{"line":24,"column":47}},"19":{"start":{"line":24,"column":91},"end":{"line":24,"column":131}},"20":{"start":{"line":24,"column":133},"end":{"line":24,"column":532}},"21":{"start":{"line":24,"column":146},"end":{"line":24,"column":264}},"22":{"start":{"line":24,"column":201},"end":{"line":24,"column":260}},"23":{"start":{"line":24,"column":272},"end":{"line":24,"column":532}},"24":{"start":{"line":24,"column":312},"end":{"line":24,"column":386}},"25":{"start":{"line":24,"column":396},"end":{"line":24,"column":530}},"26":{"start":{"line":24,"column":445},"end":{"line":24,"column":526}},"27":{"start":{"line":24,"column":535},"end":{"line":24,"column":549}},"28":{"start":{"line":26,"column":31},"end":{"line":294,"column":3}},"29":{"start":{"line":28,"column":4},"end":{"line":28,"column":56}},"30":{"start":{"line":31,"column":2},"end":{"line":292,"column":6}},"31":{"start":{"line":34,"column":22},"end":{"line":72,"column":9}},"32":{"start":{"line":36,"column":8},"end":{"line":71,"column":20}},"33":{"start":{"line":37,"column":10},"end":{"line":70,"column":11}},"34":{"start":{"line":38,"column":12},"end":{"line":69,"column":13}},"35":{"start":{"line":40,"column":16},"end":{"line":40,"column":34}},"36":{"start":{"line":41,"column":16},"end":{"line":41,"column":60}},"37":{"start":{"line":44,"column":16},"end":{"line":44,"column":43}},"38":{"start":{"line":46,"column":16},"end":{"line":49,"column":17}},"39":{"start":{"line":47,"column":18},"end":{"line":47,"column":37}},"40":{"start":{"line":48,"column":18},"end":{"line":48,"column":24}},"41":{"start":{"line":51,"column":16},"end":{"line":51,"column":69}},"42":{"start":{"line":52,"column":16},"end":{"line":52,"column":90}},"43":{"start":{"line":53,"column":16},"end":{"line":53,"column":87}},"44":{"start":{"line":54,"column":16},"end":{"line":54,"column":34}},"45":{"start":{"line":55,"column":16},"end":{"line":58,"column":19}},"46":{"start":{"line":61,"column":16},"end":{"line":61,"column":64}},"47":{"start":{"line":64,"column":16},"end":{"line":64,"column":60}},"48":{"start":{"line":68,"column":16},"end":{"line":68,"column":39}},"49":{"start":{"line":75,"column":8},"end":{"line":75,"column":48}},"50":{"start":{"line":78,"column":6},"end":{"line":78,"column":22}},"51":{"start":{"line":83,"column":25},"end":{"line":100,"column":9}},"52":{"start":{"line":84,"column":8},"end":{"line":99,"column":21}},"53":{"start":{"line":85,"column":10},"end":{"line":98,"column":11}},"54":{"start":{"line":86,"column":12},"end":{"line":97,"column":13}},"55":{"start":{"line":88,"column":16},"end":{"line":88,"column":35}},"56":{"start":{"line":89,"column":16},"end":{"line":89,"column":57}},"57":{"start":{"line":92,"column":16},"end":{"line":92,"column":66}},"58":{"start":{"line":96,"column":16},"end":{"line":96,"column":40}},"59":{"start":{"line":103,"column":8},"end":{"line":103,"column":51}},"60":{"start":{"line":106,"column":6},"end":{"line":106,"column":25}},"61":{"start":{"line":111,"column":21},"end":{"line":130,"column":9}},"62":{"start":{"line":113,"column":8},"end":{"line":129,"column":21}},"63":{"start":{"line":114,"column":10},"end":{"line":128,"column":11}},"64":{"start":{"line":115,"column":12},"end":{"line":127,"column":13}},"65":{"start":{"line":117,"column":16},"end":{"line":117,"column":35}},"66":{"start":{"line":118,"column":16},"end":{"line":118,"column":60}},"67":{"start":{"line":121,"column":16},"end":{"line":121,"column":38}},"68":{"start":{"line":122,"column":16},"end":{"line":122,"column":75}},"69":{"start":{"line":126,"column":16},"end":{"line":126,"column":40}},"70":{"start":{"line":133,"column":8},"end":{"line":133,"column":47}},"71":{"start":{"line":136,"column":6},"end":{"line":136,"column":21}},"72":{"start":{"line":141,"column":21},"end":{"line":158,"column":9}},"73":{"start":{"line":142,"column":8},"end":{"line":157,"column":21}},"74":{"start":{"line":143,"column":10},"end":{"line":156,"column":11}},"75":{"start":{"line":144,"column":12},"end":{"line":155,"column":13}},"76":{"start":{"line":146,"column":16},"end":{"line":146,"column":35}},"77":{"start":{"line":147,"column":16},"end":{"line":147,"column":63}},"78":{"start":{"line":150,"column":16},"end":{"line":150,"column":66}},"79":{"start":{"line":154,"column":16},"end":{"line":154,"column":40}},"80":{"start":{"line":161,"column":8},"end":{"line":161,"column":47}},"81":{"start":{"line":164,"column":6},"end":{"line":164,"column":21}},"82":{"start":{"line":169,"column":23},"end":{"line":206,"column":9}},"83":{"start":{"line":171,"column":8},"end":{"line":205,"column":21}},"84":{"start":{"line":172,"column":10},"end":{"line":204,"column":11}},"85":{"start":{"line
[...]
{"line":3,"column":18}},"loc":{"start":{"line":3,"column":49},"end":{"line":21,"column":1}},"line":3}},"branchMap":{},"s":{"0":1,"1":1,"2":1},"f":{"0":1},"b":{},"inputSourceMap":{"version":3,"sources":["post.js"],"names":["module","exports","sequelize","DataTypes","Post","define","description","type","TEXT","allowNull","average_rating","FLOAT","defaultValue","number_of_ratings","INTEGER"],"mappings":";;AAAAA,MAAM,CAACC,OAAP,GAAiB,UAACC,SAAD,EAAYC,SAAZ,EAA0B;AACzC,MAAMC,IAAI,GAAGF,SAAS,CAACG,MAAV,CAAiB,MAAjB,EAAyB;AACpCC,IAAAA,WAAW,EAAE;AACXC,MAAAA,IAAI,EAAEJ,SAAS,CAACK,IADL;AAEXC,MAAAA,SAAS,EAAE;AAFA,KADuB;AAKpCC,IAAAA,cAAc,EAAE;AACdH,MAAAA,IAAI,EAAEJ,SAAS,CAACQ,KADF;AAEdF,MAAAA,SAAS,EAAE,KAFG;AAGdG,MAAAA,YAAY,EAAE;AAHA,KALoB;AAUpCC,IAAAA,iBAAiB,EAAE;AACjBN,MAAAA,IAAI,EAAEJ,SAAS,CAACW,OADC;AAEjBL,MAAAA,SAAS,EAAE,KAFM;AAGjBG,MAAAA,YAAY,EAAE;AAHG;AAViB,GAAzB,CAAb;AAgBA,SAAOR,IAAP;AACD,CAlBD","sourceRoot":"/Users/aqdasmalik/Documents/workspace/post-app/api/server/models/","sourcesContent":["module.exports = (sequelize, DataTypes) => {\n  const Post = sequelize.define('Post', {\n    description: {\n      type: DataTypes.TEXT,\n      allowNull: false,\n    },\n    average_rating: {\n      type: DataTypes.FLOAT,\n      allowNull: false,\n      defaultValue: 0\n    },\n    number_of_ratings: {\n      type: DataTypes.INTEGER,\n      allowNull: false,\n      defaultValue: 0\n    },\n  });\n  return Post;\n};\n"]},"_coverageSchema":"1a1c01bbd47fc00a2c39e90264f33305004495a9","hash":"660995edf857ed061ab2136551c7a42b3ac8b6e4","contentHash":"89fdc80db022a47adce08cd801de395c330de92890dd833eec81b0baf85d4c16"},"/Users/aqdasmalik/Documents/workspace/post-app/api/server/utils/Utils.js":{"path":"/Users/aqdasmalik/Documents/workspace/post-app/api/server/utils/Utils.js","statementMap":{"0":{"start":{"line":3,"column":29},"end":{"line":3,"column":84}},"1":{"start":{"line":5,"column":0},"end":{"line":7,"column":3}},"2":{"start":{"line":8,"column":0},"end":{"line":8,"column":28}},"3":{"start":{"line":10,"column":23},"end":{"line":10,"column":95}},"4":{"start":{"line":12,"column":20},"end":{"line":12,"column":89}},"5":{"start":{"line":14,"column":24},"end":{"line":58,"column":3}},"6":{"start":{"line":16,"column":4},"end":{"line":16,"column":49}},"7":{"start":{"line":17,"column":4},"end":{"line":17,"column":27}},"8":{"start":{"line":18,"column":4},"end":{"line":18,"column":21}},"9":{"start":{"line":19,"column":4},"end":{"line":19,"column":21}},"10":{"start":{"line":20,"column":4},"end":{"line":20,"column":24}},"11":{"start":{"line":23,"column":2},"end":{"line":56,"column":6}},"12":{"start":{"line":26,"column":6},"end":{"line":26,"column":35}},"13":{"start":{"line":27,"column":6},"end":{"line":27,"column":29}},"14":{"start":{"line":28,"column":6},"end":{"line":28,"column":23}},"15":{"start":{"line":29,"column":6},"end":{"line":29,"column":28}},"16":{"start":{"line":34,"column":6},"end":{"line":34,"column":35}},"17":{"start":{"line":35,"column":6},"end":{"line":35,"column":29}},"18":{"start":{"line":36,"column":6},"end":{"line":36,"column":26}},"19":{"start":{"line":41,"column":19},"end":{"line":45,"column":7}},"20":{"start":{"line":47,"column":6},"end":{"line":49,"column":7}},"21":{"start":{"line":48,"column":8},"end":{"line":48,"column":56}},"22":{"start":{"line":51,"column":6},"end":{"line":54,"column":9}},"23":{"start":{"line":57,"column":2},"end":{"line":57,"column":14}},"24":{"start":{"line":60,"column":0},"end":{"line":60,"column":26}}},"fnMap":{"0":{"name":"(anonymous_0)","decl":{"start":{"line":14,"column":24},"end":{"line":14,"column":25}},"loc":{"start":{"line":14,"column":36},"end":{"line":58,"column":1}},"line":14},"1":{"name":"Util","decl":{"start":{"line":15,"column":11},"end":{"line":15,"column":15}},"loc":{"start":{"line":15,"column":18},"end":{"line":21,"column":3}},"line":15},"2":{"name":"setSuccess","decl":{"start":{"line":25,"column":20},"end":{"line":25,"column":30}},"loc":{"start":{"line":25,"column":58},"end":{"line":30,"column":5}},"line":25},"3":{"name":"setError","decl":{"start":{"line":33,"column":20},"end":{"line":33,"column":28}},"loc":{"start":{"line":33,"column":50},"end":{"line":37,"column":5}},"line":33},"4":{"name":"send","decl":{"start":{"line":40,"column":20},"end":{"line":40,"column":24}},"loc":{"start":{"line":40,"column":30},"end":{"line":55,"column":5}},"line":40}},"branchMap":{"0":{"loc":{"start":{"line":47,"column":6},"end":{"line":49,"column":7}},"type":"if","locations":[{"start":{"line":47,"column":6},"end":{"line":49,"column":7}},{"start":{"line":47,"column":6},"end":{"line":49,"column":7}}],"line":47}},"s":{"0":1,"1":1,"2":1,"3":1,"4":1,"5":1,"6":2,"7":2,"8":2,"9":2,"10":2,"11":1,"12":7,"13":7,"14":7,"15":7,"16":13,"17":13,"18":13,"19":20,"20":20,"21":7,"22":13,"23":1,"24":1},"f":{"0":1,"1":2,"2":7,"3":13,"4":20},"b":{"0":[7,13]},"inputSourceMap":{"version":3,"sources":["Utils.js"],"names":["Util","statusCode","type","data","message","res","result","status","json"],"mappings":";;;;;;;;;;;;;IAAqBA,I;AACnB,kBAAc;AAAA;AACZ,SAAKC,UAAL,GAAkB,IAAlB;AACA,SAAKC,IAAL,GAAY,IAAZ;AACA,SAAKC,IAAL,GAAY,IAAZ;AACA,SAAKC,OAAL,GAAe,IAAf;AACD;;;;WAED,oBAAWH,UAAX,EAAuBG,OAAvB,EAAgCD,IAAhC,EAAsC;AACpC,WAAKF,UAAL,GAAkBA,UAAlB;AACA,WAAKG,OAAL,GAAeA,OAAf;AACA,WAAKD,IAAL,GAAYA,IAAZ;AACA,WAAKD,IAAL,GAAY,SAAZ;AACD;;;WAED,kBAASD,UAAT,EAAqBG,OAArB,EAA8B;AAC5B,WAAKH,UAAL,GAAkBA,UAAlB;AACA,WAAKG,OAAL,GAAeA,OAAf;AACA,WAAKF,IAAL,GAAY,OAAZ;AACD;;;WAED,cAAKG,GAAL,EAAU;AACR,UAAMC,MAAM,GAAG;AACbC,QAAAA,MAAM,EAAE,KAAKL,IADA;AAEbE,QAAAA,OAAO,EAAE,KAAKA,OAFD;AAGbD,QAAAA,IAAI,EAAE,KAAKA;AAHE,OAAf;;AAMA,UAAI,KAAKD,IAAL,KAAc,SAAlB,EAA6B;AAC3B,eAAOG,GAAG,CAACE,MAAJ,CAAW,KAAKN,UAAhB,EAA4BO,IAA5B,CAAiCF,MAAjC,CAAP;AACD;;AACD,aAAOD,GAAG,CAACE,MAAJ,CAAW,KAAKN,UAAhB,EAA4BO,IAA5B,CAAiC;AACtCD,QAAAA,MAAM,EAAE,KAAKL,IADyB;AAEtCE,QAAAA,OAAO,EAAE,KAAKA;AAFwB,OAAjC,CAAP;AAID","sourceRoot":"/Users/aqdasmalik/Documents/workspace/post-app/api/server/utils/","sourcesContent":["export default class Util {\n  constructor() {\n    this.statusCode = null;\n    this.type = null;\n    this.data = null;\n    this.message = null;\n  }\n\n  setSuccess(statusCode, message, data) {\n    this.statusCode = statusCode;\n    this.message = message;\n    this.data = data;\n    this.type = 'success';\n  }\n\n  setError(statusCode, message) {\n    this.statusCode = statusCode;\n    this.message = message;\n    this.type = 'error';\n  }\n\n  send(res) {\n    const result = {\n      status: this.type,\n      message: this.message,\n      data: this.data,\n    };\n\n    if (this.type === 'success') {\n      return res.status(this.statusCode).json(result);\n    }\n    return res.status(this.statusCode).json({\n      status: this.type,\n      message: this.message,\n    });\n  }\n}"]},"_coverageSchema":"1a1c01bbd47fc00a2c39e90264f33305004495a9","hash":"0f1545f5b00fa3d76c69ec83f275aed4e795ba9a","contentHash":"cd7cb53e10dfb9f2db4fbe1353b2321032fbd587289dca12f72379502be341de"},"/Users/aqdasmalik/Documents/workspace/post-app/api/server/middlewares/PostMiddleware.js":{"path":"/Users/aqdasmalik/Documents/workspace/post-app/api/server/middlewares/PostMiddleware.js","statementMap":{"0":{"start":{"line":3,"column":29},"end":{"line":3,"column":84}},"1":{"start":{"line":5,"column":0},"end":{"line":7,"column":3}},"2":{"start":{"line":8,"column":0},"end":{"line":8,"column":28}},"3":{"start":{"line":10,"column":0},"end":{"line":10,"column":32}},"4":{"start":{"line":12,"column":11},"end":{"line":12,"column":49}},"5":{"start":{"line":14,"column":13},"end":{"line":14,"column":62}},"6":{"start":{"line":16,"column":11},"end":{"line":16,"column":34}},"7":{"start":{"line":18,"column":18},"end":{"line":22,"column":2}},"8":{"start":{"line":24,"column":17},"end":{"line":35,"column":2}},"9":{"start":{"line":27,"column":6},"end":{"line":27,"column":31}},"10":{"start":{"line":30,"column":6},"end":{"line":30,"column":31}},"11":{"start":{"line":38,"column":30},"end":{"line":38,"column":72}},"12":{"start":{"line":39,"column":14},"end":{"line":39,"column":41}},"13":{"start":{"line":40,"column":14},"end":{"line":40,"column":41}},"14":{"start":{"line":42,"column":2},"end":{"line":46,"column":3}},"15":{"start":{"line":43,"column":4},"end":{"line":43,"column":38}},"16":{"start":{"line":44,"column":4},"end":{"line":44,"column":19}},"17":{"start":{"line":45,"column":4},"end":{"line":45,"column":11}},"18":{"start":{"line":48,"column":2},"end":{"line":48,"column":19}},"19":{"start":{"line":49,"column":2},"end":{"line":49,"column":9}},"20":{"start":{"line":53,"column":30},"end":{"line":53,"column":62}},"21":{"start":{"line":54,"column":14},"end":{"line":54,"column":41}},"22":{"start":{"line":56,"column":2},"end":{"line":60,"column":3}},"23":{"start":{"line":57,"column":4},"end":{"line":57,"column":38}},"24":{"start":{"line":58,"column":4},"end":{"line":58,"column":19}},"25":{"start":{"line":59,"column":4},"end":{"line":59,"column":11}},"26":{"start":{"line":62,"column":2},"end":{"line":62,"column":9}},"27":{"start":{"line":66,"column":2},"end":{"line":66,"column":41}},"28":{"start":{"line":70,"column":31},"end":{"line":70,"column":63}},"29":{"start":{"line":71,"column":14},"end":{"line":71,"column":42}},"30":{"start":{"line":73,"column":2},"end":{"line":77,"column":3}},"31":{"start":{"line":74,"column":4},"end":{"line":74,"column":38}},"32":{"start":{"line":75,"column":4},"end":{"line":75,"column":19}},"33":{"start":{"line":76,"column":4},"end":{"line":76,"column":11}},"34":{"start":{"line":79,"column":31},"end":{"line":79,"column":77}},"35":{"start":{"line":80,"column":14},"end":{"line":80,"column":42}},"36":{"start":{"line":82,"column":2},"end":{"line":86,"column":3}},"37":{"start":{"line":83,"column":4},"end":{"line":83,"column":38}},"38":{"start":{"line":84,"column":4},"end":{"line":84,"column":19}},"39":{"start":{"line":85,"column":4},"end":{"line":85,"column":11}},"40":{"start":{"line":88,"column":2},"end":{"line":88,"column":9}},"41":{"start":{"line":92,"column":21},"end":{"line":96,"column":4}},"42":{"start":{"line":98,"column":30},"end":{"line":98,"column":61}},"43":{"start":{"line":99,"column":14},"end":{"line":99,"column":41}},"44":{"start":{"line":100,"column":14},"end":{"line":100,"column":41}},"45":{"start":{"line":102,"column":2},"end":{"line":106,"column":3}},"46":{"start":{"line":103,"column":4},"end":{"line":103,"column":38}},"47":{"start":{"line":104,"column":4},"end":{"line":104,"column":19}},"48":{"start":{"line":105,"column":4},"end":{"line":105,"column":11}},"49":{"start":{"line":108,"column":31},"end":{"line":108,"column":63}},"50":{"start":{"line":109,"column":14},"end":{"line":109,"column":42}},"51":{"start":{"line":111,"column":2},"end":{"line":115,"column":3}},"52":{"start":{"line":112,"column":4},"end":{"line":112,"column":38}},"53":{"start":{"line":113,"column":4},"end":{"line":113,"column":19}},"54":{"start":{"line":114,"column":4},"end":{"line":114,"column":11}},"55":{"start":{"line":117,"column":2},"end":{"line":117,"column":19}},"56":{"start":{"line":118,"column":2},"end":{"line":118,"column":9}},"57":{"start":{"line":121,"column":15},"end":{"line":126,"column":1}},"58":{"start":{"line":127,"column":0},"end":{"line":127,"column":30}}},"fnMap":{"0":{"name":"create","decl":{"start":{"line":26,"column":21},"end":{"line":26,"column":27}},"loc":{"start":{"line":26,"column":36},"end":{"line":28,"column":5}},"line":26},"1":{"name":"update","decl":{"start":{"line":29,"column":21},"end":{"line":29,"column":27}},"loc":{"start":{"line":29,"column":36},"end":{"line":31,"column":5}},"line":29},"2":{"name":"validateBody","decl":{"start":{"line":37,"column":9},"end":{"line":37,"column":21}},"loc":{"start":{"line":37,"column":44},"end":{"line":50,"column":1}},"line":37},"3":{"name":"validateParams","decl":{"start":{"line":52,"column":9},"end":{"line":52,"column":23}},"loc":{"start":{"line":52,"column":40},"end":{"line":63,"column":1}},"line":52},"4":{"name":"addPost","decl":{"start":{"line":65,"column":9},"end":{"line":65,"column":16}},"loc":{"start":{"line":65,"column":33},"end":{"line":67,"column":1}},"line":65},"5":{"name":"editPost","decl":{"start":{"line":69,"column":9},"end":{"line":69,"column":17}},"loc":{"start":{"line":69,"column":34},"end":{"line":89,"column":1}},"line":69},"6":{"name":"addRating","decl":{"start":{"line":91,"column":9},"end":{"line":91,"column":18}},"loc":{"start":{"line":91,"column":35},"end":{"line":119,"column":1}},"line":91}},"branchMap":{"0":{"loc":{"start":{"line":42,"column":2},"end":{"line":46,"column":3}},"type":"if","locations":[{"start":{"line":42,"column":2},"end":{"line":46,"column":3}},{"start":{"line":42,"column":2},"end":{"line":46,"column":3}}],"line":42},"1":{"loc":{"start":{"line":56,"column":2},"end":{"line":60,"column":3}},"type":"if","locations":[{"start":{"line":56,"column":2},"end":{"line":60,"column":3}},{"start":{"line":56,"column":2},"end":{"line":60,"column":3}}],"line":56},"2":{"loc":{"start":{"line":73,"column":2},"end":{"line":77,"column":3}},"type":"if","locations":[{"start":{"line":73,"column":2},"end":{"line":77,"column":3}},{"start":{"line":73,"column":2},"end":{"line":77,"column":3}}],"line":73},"3":{"loc":{"start":{"line":82,"column":2},"end":{"line":86,"column":3}},"type":"if","locations":[{"start":{"line":82,"column":2},"end":{"line":86,"column":3}},{"start":{"line":82,"column":2},"end":{"line":86,"column":3}}],"line":82},"4":{"loc":{"start":{"line":102,"column":2},"end":{"line":106,"column":3}},"type":"if","locations":[{"start":{"line":102,"column":2},"end":{"line":106,"column":3}},{"start":{"line":102,"column":2},"end":{"line":106,"column":3}}],"line":102},"5":{"loc":{"start":{"line":111,"column":2},"end":{"line":115,"column":3}},"type":"if","locations":[{"start":{"line":111,"column":2},"end":{"line":115,"column":3}},{"start":{"line":111,"column":2},"end":{"line":115,"column":3}}],"line":111}},"s":{"0":1,"1":1,"2":1,"3":1,"4":1,"5":1,"6":1,"7":1,"8":1,"9":3,"10":2,"11":3,"12":3,"13":3,"14":3,"15":2,"16":2,"17":2,"18":1,"19":1,"20":9,"21":9,"22":9,"23":3,"24":3,"25":3,"26":6,"27":3,"28":3,"29":3,"30":3,"31":1,"32":1,"33":1,"34":2,"35":2,"36":2,"37":0,"38":0,"39":0,"40":2,"41":4,"42":4,"43":4,"44":4,"45":4,"46":1,"47":1,"48":1,"49":3,"50":3,"51":3,"52":1,"53":1,"54":1,"55":2,"56":2,"57":1,"58":1},"f":{"0":3,"1":2,"2":3,"3":9,"4":3,"5":3,"6":4},"b":{"0":[2,1],"1":[3,6],"2":[1,2],"3":[0,2],"4":[1,3],"5":[1,2]},"inputSourceMap":{"version":3,"sources":["PostMiddleware.js"],"names":["util","Util","paramSchema","Joi","object","id","number","required","options","allowUnknown","bodySchema","description","string","alter","create","schema","update","optional","validateBody","type","req","res","next","tailor","validate","body","error","value","setError","message","send","validateParams","params","addPost","editPost","addRating","ratingSchema","rating","min","max"],"mappings":";;;;;;;;;AAAA;;AACA;;AACA;;AAEA,IAAMA,IAAI,GAAG,IAAIC,iBAAJ,EAAb;;AAEA,IAAMC,WAAW,GAAGC,gBAAIC,MAAJ,CAAW;AAC7BC,EAAAA,EAAE,EAAEF,gBAAIG,MAAJ,GAAaC,QAAb;AADyB,CAAX,EAEjBC,OAFiB,CAET;AAAEC,EAAAA,YAAY,EAAE;AAAhB,CAFS,CAApB;;AAIA,IAAMC,UAAU,GAAGP,gBAAIC,MAAJ,CAAW;AAC5BO,EAAAA,WAAW,EAAER,gBAAIS,MAAJ,GAAaC,KAAb,CAAmB;AAC9BC,IAAAA,MAAM,EAAE,gBAACC,MAAD;AAAA,aAAYA,MAAM,CAACR,QAAP,EAAZ;AAAA,KADsB;AAE9BS,IAAAA,MAAM,EAAE,gBAACD,MAAD;AAAA,aAAYA,MAAM,CAACE,QAAP,EAAZ;AAAA;AAFsB,GAAnB;AADe,CAAX,EAKhBT,OALgB,CAKR;AAAEC,EAAAA,YAAY,EAAE;AAAhB,CALQ,CAAnB;;AAOA,SAASS,YAAT,CAAsBC,IAAtB,EAA4BC,GAA5B,EAAiCC,GAAjC,EAAsCC,IAAtC,EAA4C;AAC1C,8BAAyBZ,UAAU,CAACa,MAAX,CAAkBJ,IAAlB,EAAwBK,QAAxB,CAAiCJ,GAAG,CAACK,IAArC,CAAzB;AAAA,MAAQC,KAAR,yBAAQA,KAAR;AAAA,MAAeC,KAAf,yBAAeA,KAAf;;AACA,MAAID,KAAJ,EAAW;AACT1B,IAAAA,IAAI,CAAC4B,QAAL,CAAc,GAAd,EAAmBF,KAAK,CAACG,OAAzB;AACA7B,IAAAA,IAAI,CAAC8B,IAAL,CAAUT,GAAV;AACA;AACD;;AAEDD,EAAAA,GAAG,CAACK,IAAJ,GAAWE,KAAX;AACAL,EAAAA,IAAI;AACL;;AAED,SAASS,cAAT,CAAwBX,GAAxB,EAA6BC,GAA7B,EAAkCC,IAAlC,EAAwC;AACtC,8BAAkBpB,WAAW,CAACsB,QAAZ,CAAqBJ,GAAG,CAACY,MAAzB,CAAlB;AAAA,MAAQN,KAAR,yBAAQA,KAAR;;AAEA,MAAIA,KAAJ,EAAW;AACT1B,IAAAA,IAAI,CAAC4B,QAAL,CAAc,GAAd,EAAmBF,KAAK,CAACG,OAAzB;AACA7B,IAAAA,IAAI,CAAC8B,IAAL,CAAUT,GAAV;AACA;AACD;;AAEDC,EAAAA,IAAI;AACL;;AAED,SAASW,OAAT,CAAiBb,GAAjB,EAAsBC,GAAtB,EAA2BC,IAA3B,EAAiC;AAC/BJ,EAAAA,YAAY,CAAC,QAAD,EAAWE,GAAX,EAAgBC,GAAhB,EAAqBC,IAArB,CAAZ;AACD;;AAED,SAASY,QAAT,CAAkBd,GAAlB,EAAuBC,GAAvB,EAA4BC,IAA5B,EAAkC;AAChC,+BAAgBpB,WAAW,CAACsB,QAAZ,CAAqBJ,GAAG,CAACY,MAAzB,CAAhB;AAAA,MAAMN,KAAN,0BAAMA,KAAN;;AAEA,MAAIA,KAAJ,EAAW;AACT1B,IAAAA,IAAI,CAAC4B,QAAL,CAAc,GAAd,EAAmBF,KAAK,CAACG,OAAzB;AACA7B,IAAAA,IAAI,CAAC8B,IAAL,CAAUT,GAAV;AACA;AACD;;AAED,+BAAgBX,UAAU,CAACa,MAAX,CAAkB,QAAlB,EAA4BC,QAA5B,CAAqCJ,GAAG,CAACK,IAAzC,CAAhB;AAAA,MAAMC,KAAN,0BAAMA,KAAN;;AAEA,MAAIA,KAAJ,EAAW;AACT1B,IAAAA,IAAI,CAAC4B,QAAL,CAAc,GAAd,EAAmBF,KAAK,CAACG,OAAzB;AACA7B,IAAAA,IAAI,CAAC8B,IAAL,CAAUT,GAAV;AACA;AACD;;AAEDC,EAAAA,IAAI;AACL;;AAED,SAASa,SAAT,CAAmBf,GAAnB,EAAwBC,GAAxB,EAA6BC,IAA7B,EAAmC;AACjC,MAAMc,YAAY,GAAGjC,gBAAIC,MAAJ,CAAW;AAC9BiC,IAAAA,MAAM,EAAElC,gBAAIG,MAAJ,GAAagC,GAAb,CAAiB,CAAjB,EAAoBC,GAApB,CAAwB,CAAxB,EAA2BhC,QAA3B;AADsB,GAAX,EAElBC,OAFkB,CAEV;AAAEC,IAAAA,YAAY,EAAE;AAAhB,GAFU,CAArB;;AAGA,8BAAuB2B,YAAY,CAACZ,QAAb,CAAsBJ,GAAG,CAACK,IAA1B,CAAvB;AAAA,MAAMC,KAAN,yBAAMA,KAAN;AAAA,MAAaC,KAAb,yBAAaA,KAAb;;AAEA,MAAID,KAAJ,EAAW;AACT1B,IAAAA,IAAI,CAAC4B,QAAL,CAAc,GAAd,EAAmBF,KAAK,CAACG,OAAzB;AACA7B,IAAAA,IAAI,CAAC8B,IAAL,CAAUT,GAAV;AACA;AACD;;AAED,+BAAiBnB,WAAW,CAACsB,QAAZ,CAAqBJ,GAAG,CAACY,MAAzB,CAAjB;AAAA,MAAMN,KAAN,0BAAMA,KAAN;;AAEA,MAAIA,KAAJ,EAAW;AACT1B,IAAAA,IAAI,CAAC4B,QAAL,CAAc,GAAd,EAAmBF,KAAK,CAACG,OAAzB;AACA7B,IAAAA,IAAI,CAAC8B,IAAL,CAAUT,GAAV;AACA;AACD;;AAEDD,EAAAA,GAAG,CAACK,IAAJ,GAAWE,KAAX;AAEAL,EAAAA,IAAI;AACL;;eAEc;AACbW,EAAAA,OAAO,EAAPA,OADa;AAEbE,EAAAA,SAAS,EAATA,SAFa;AAGbD,EAAAA,QAAQ,EAARA,QAHa;AAIbH,EAAAA,cAAc,EAAdA;AAJa,C","sourceRoot":"/Users/aqdasmalik/Documents/workspace/post-app/api/server/middlewares/","sourcesContent":["import \"express-async-errors\";\nimport Joi from \"joi\";\nimport Util from \"../utils/Utils\";\n\nconst util = new Util();\n\nconst paramSchema = Joi.object({\n  id: Joi.number().required(),\n}).options({ allowUnknown: false });\n\nconst bodySchema = Joi.object({\n  description: Joi.string().alter({\n    create: (schema) => schema.required(),\n    update: (schema) => schema.optional(),\n  }),\n}).options({ allowUnknown: false });\n\nfunction validateBody(type, req, res, next) {\n  const { error, value } = bodySchema.tailor(type).validate(req.body);\n  if (error) {\n    util.setError(400, error.message);\n    util.send(res);\n    return;\n  }\n\n  req.body = value;\n  next();\n}\n\nfunction validateParams(req, res, next) {\n  const { error } = paramSchema.validate(req.params);\n\n  if (error) {\n    util.setError(400, error.message);\n    util.send(res);\n    return;\n  }\n\n  next();\n}\n\nfunction addPost(req, res, next) {\n  validateBody(\"create\", req, res, next);\n}\n\nfunction editPost(req, res, next) {\n  var { error } = paramSchema.validate(req.params);\n\n  if (error) {\n    util.setError(400, error.message);\n    util.send(res);\n    return;\n  }\n\n  var { error } = bodySchema.tailor(\"update\").validate(req.body);\n\n  if (error) {\n    util.setError(400, error.message);\n    util.send(res);\n    return;\n  }\n\n  next();\n}\n\nfunction addRating(req, res, next) {\n  const ratingSchema = Joi.object({\n    rating: Joi.number().min(1).max(5).required(),\n  }).options({ allowUnknown: false });\n  var { error, value } = ratingSchema.validate(req.body);\n\n  if (error) {\n    util.setError(400, error.message);\n    util.send(res);\n    return;\n  }\n\n  var { error }  = paramSchema.validate(req.params);\n\n  if (error) {\n    util.setError(400, error.message);\n    util.send(res);\n    return;\n  }\n\n  req.body = value;\n\n  next();\n}\n\nexport default {\n  addPost,\n  addRating,\n  editPost,\n  validateParams,\n};\n"]},"_coverageSchema":"1a1c01bbd47fc00a2c39e90264f33305004495a9","hash":"4ed5244227f596b34167507525f977c92f45184d","contentHash":"c04e09feedff9c0bdff98abfb2228a26e769bde91f15f92d5458b299232cdc5c"}}